This is pdfTeXk, Version 3.141592-1.40.3 (Web2C 7.5.6) (format=latex 2009.7.11)  28 SEP 2009 11:06
entering extended mode
 %&-line parsing enabled.
**api.tex
(./api.tex
LaTeX2e <2005/12/01>
Babel <v3.8h> and hyphenation patterns for english, usenglishmax, dumylang, noh
yphenation, arabic, basque, bulgarian, coptic, welsh, czech, slovak, german, ng
erman, danish, esperanto, spanish, catalan, galician, estonian, farsi, finnish,
 french, greek, monogreek, ancientgreek, croatian, hungarian, interlingua, ibyc
us, indonesian, icelandic, italian, latin, mongolian, dutch, norsk, polish, por
tuguese, pinyin, romanian, russian, slovenian, uppersorbian, serbian, swedish, 
turkish, ukenglish, ukrainian, loaded.
(/usr/share/texmf/tex/latex/base/article.cls
Document Class: article 2005/09/16 v1.4f Standard LaTeX document class
(/usr/share/texmf/tex/latex/base/size10.clo
File: size10.clo 2005/09/16 v1.4f Standard LaTeX file (size option)
)
\c@part=\count79
\c@section=\count80
\c@subsection=\count81
\c@subsubsection=\count82
\c@paragraph=\count83
\c@subparagraph=\count84
\c@figure=\count85
\c@table=\count86
\abovecaptionskip=\skip41
\belowcaptionskip=\skip42
\bibindent=\dimen102
)
(/usr/share/texmf/tex/latex/base/alltt.sty
Package: alltt 1997/06/16 v2.0g defines alltt environment
)
(/usr/share/texmf/tex/latex/ltxmisc/parskip.sty
Package: parskip 2001/04/09 non-zero parskip adjustments
)
(/usr/share/texmf/tex/latex/fancyhdr/fancyhdr.sty
\fancy@headwidth=\skip43
\f@ncyO@elh=\skip44
\f@ncyO@erh=\skip45
\f@ncyO@olh=\skip46
\f@ncyO@orh=\skip47
\f@ncyO@elf=\skip48
\f@ncyO@erf=\skip49
\f@ncyO@olf=\skip50
\f@ncyO@orf=\skip51
)
(/usr/share/texmf/tex/latex/ltxmisc/boxedminipage.sty)
(/usr/share/texmf/tex/latex/base/makeidx.sty
Package: makeidx 2000/03/29 v1.0m Standard LaTeX package
)
(/usr/share/texmf/tex/latex/multirow/multirow.sty
\bigstrutjot=\dimen103
)
(/usr/share/texmf/tex/latex/tools/longtable.sty
Package: longtable 2004/02/01 v4.11 Multi-page Table package (DPC)
\LTleft=\skip52
\LTright=\skip53
\LTpre=\skip54
\LTpost=\skip55
\LTchunksize=\count87
\LTcapwidth=\dimen104
\LT@head=\box26
\LT@firsthead=\box27
\LT@foot=\box28
\LT@lastfoot=\box29
\LT@cols=\count88
\LT@rows=\count89
\c@LT@tables=\count90
\c@LT@chunks=\count91
\LT@p@ftn=\toks14
)
(/usr/share/texmf/tex/latex/tocbibind/tocbibind.sty
Package: tocbibind 2003/03/13 v1.5g extra ToC listings


Package tocbibind Note: The document has section divisions.


Package tocbibind Note: Using section or other style headings.

) (/usr/share/texmf/tex/latex/amsfonts/amssymb.sty
Package: amssymb 2002/01/22 v2.2d

(/usr/share/texmf/tex/latex/amsfonts/amsfonts.sty
Package: amsfonts 2001/10/25 v2.2f
\@emptytoks=\toks15
\symAMSa=\mathgroup4
\symAMSb=\mathgroup5
LaTeX Font Info:    Overwriting math alphabet `\mathfrak' in version `bold'
(Font)                  U/euf/m/n --> U/euf/b/n on input line 132.
))
(/usr/share/texmf/tex/latex/preprint/fullpage.sty
Package: fullpage 1999/02/23 1.1 (PWD)
\FP@margin=\skip56
)
(/usr/share/texmf/tex/latex/graphics/color.sty
Package: color 2005/11/14 v1.0j Standard LaTeX Color (DPC)

(/usr/share/texmf/tex/latex/config/color.cfg
File: color.cfg 2007/01/18 v1.5 color configuration of teTeX/TeXLive
)
Package color Info: Driver file: dvips.def on input line 130.

(/usr/share/texmf/tex/latex/graphics/dvips.def
File: dvips.def 1999/02/16 v3.0i Driver-dependant file (DPC,SPQR)
)
(/usr/share/texmf/tex/latex/graphics/dvipsnam.def
File: dvipsnam.def 1999/02/16 v3.0i Driver-dependant file (DPC,SPQR)
))
\BCL=\skip57
Package color Info: Redefining color py@inputcolour on input line 35.
\funcindent=\skip58
\funcwidth=\skip59
\varindent=\skip60
\varnamewidth=\skip61
\vardescrwidth=\skip62
\varwidth=\skip63

(/usr/share/texmf/tex/latex/base/inputenc.sty
Package: inputenc 2006/05/05 v1.1b Input encoding file
\inpenc@prehook=\toks16
\inpenc@posthook=\toks17

(/usr/share/texmf/tex/latex/base/utf8.def
File: utf8.def 2006/03/30 v1.1i UTF-8 support for inputenc
Now handling font encoding OML ...
... no UTF-8 mapping file for font encoding OML
Now handling font encoding T1 ...
... processing UTF-8 mapping file for font encodingT1

(/usr/share/texmf/tex/latex/base/t1enc.dfu
File: t1enc.dfu 2006/03/30 v1.1i UTF-8 support for inputenc
   defining Unicode char U+00A1 (decimal 161)
   defining Unicode char U+00A3 (decimal 163)
   defining Unicode char U+00AB (decimal 171)
   defining Unicode char U+00BB (decimal 187)
   defining Unicode char U+00BF (decimal 191)
   defining Unicode char U+00C0 (decimal 192)
   defining Unicode char U+00C1 (decimal 193)
   defining Unicode char U+00C2 (decimal 194)
   defining Unicode char U+00C3 (decimal 195)
   defining Unicode char U+00C4 (decimal 196)
   defining Unicode char U+00C5 (decimal 197)
   defining Unicode char U+00C6 (decimal 198)
   defining Unicode char U+00C7 (decimal 199)
   defining Unicode char U+00C8 (decimal 200)
   defining Unicode char U+00C9 (decimal 201)
   defining Unicode char U+00CA (decimal 202)
   defining Unicode char U+00CB (decimal 203)
   defining Unicode char U+00CC (decimal 204)
   defining Unicode char U+00CD (decimal 205)
   defining Unicode char U+00CE (decimal 206)
   defining Unicode char U+00CF (decimal 207)
   defining Unicode char U+00D0 (decimal 208)
   defining Unicode char U+00D1 (decimal 209)
   defining Unicode char U+00D2 (decimal 210)
   defining Unicode char U+00D3 (decimal 211)
   defining Unicode char U+00D4 (decimal 212)
   defining Unicode char U+00D5 (decimal 213)
   defining Unicode char U+00D6 (decimal 214)
   defining Unicode char U+00D8 (decimal 216)
   defining Unicode char U+00D9 (decimal 217)
   defining Unicode char U+00DA (decimal 218)
   defining Unicode char U+00DB (decimal 219)
   defining Unicode char U+00DC (decimal 220)
   defining Unicode char U+00DD (decimal 221)
   defining Unicode char U+00DE (decimal 222)
   defining Unicode char U+00DF (decimal 223)
   defining Unicode char U+00E0 (decimal 224)
   defining Unicode char U+00E1 (decimal 225)
   defining Unicode char U+00E2 (decimal 226)
   defining Unicode char U+00E3 (decimal 227)
   defining Unicode char U+00E4 (decimal 228)
   defining Unicode char U+00E5 (decimal 229)
   defining Unicode char U+00E6 (decimal 230)
   defining Unicode char U+00E7 (decimal 231)
   defining Unicode char U+00E8 (decimal 232)
   defining Unicode char U+00E9 (decimal 233)
   defining Unicode char U+00EA (decimal 234)
   defining Unicode char U+00EB (decimal 235)
   defining Unicode char U+00EC (decimal 236)
   defining Unicode char U+00ED (decimal 237)
   defining Unicode char U+00EE (decimal 238)
   defining Unicode char U+00EF (decimal 239)
   defining Unicode char U+00F0 (decimal 240)
   defining Unicode char U+00F1 (decimal 241)
   defining Unicode char U+00F2 (decimal 242)
   defining Unicode char U+00F3 (decimal 243)
   defining Unicode char U+00F4 (decimal 244)
   defining Unicode char U+00F5 (decimal 245)
   defining Unicode char U+00F6 (decimal 246)
   defining Unicode char U+00F8 (decimal 248)
   defining Unicode char U+00F9 (decimal 249)
   defining Unicode char U+00FA (decimal 250)
   defining Unicode char U+00FB (decimal 251)
   defining Unicode char U+00FC (decimal 252)
   defining Unicode char U+00FD (decimal 253)
   defining Unicode char U+00FE (decimal 254)
   defining Unicode char U+00FF (decimal 255)
   defining Unicode char U+0102 (decimal 258)
   defining Unicode char U+0103 (decimal 259)
   defining Unicode char U+0104 (decimal 260)
   defining Unicode char U+0105 (decimal 261)
   defining Unicode char U+0106 (decimal 262)
   defining Unicode char U+0107 (decimal 263)
   defining Unicode char U+010C (decimal 268)
   defining Unicode char U+010D (decimal 269)
   defining Unicode char U+010E (decimal 270)
   defining Unicode char U+010F (decimal 271)
   defining Unicode char U+0110 (decimal 272)
   defining Unicode char U+0111 (decimal 273)
   defining Unicode char U+0118 (decimal 280)
   defining Unicode char U+0119 (decimal 281)
   defining Unicode char U+011A (decimal 282)
   defining Unicode char U+011B (decimal 283)
   defining Unicode char U+011E (decimal 286)
   defining Unicode char U+011F (decimal 287)
   defining Unicode char U+0130 (decimal 304)
   defining Unicode char U+0131 (decimal 305)
   defining Unicode char U+0132 (decimal 306)
   defining Unicode char U+0133 (decimal 307)
   defining Unicode char U+0139 (decimal 313)
   defining Unicode char U+013A (decimal 314)
   defining Unicode char U+013D (decimal 317)
   defining Unicode char U+013E (decimal 318)
   defining Unicode char U+0141 (decimal 321)
   defining Unicode char U+0142 (decimal 322)
   defining Unicode char U+0143 (decimal 323)
   defining Unicode char U+0144 (decimal 324)
   defining Unicode char U+0147 (decimal 327)
   defining Unicode char U+0148 (decimal 328)
   defining Unicode char U+014A (decimal 330)
   defining Unicode char U+014B (decimal 331)
   defining Unicode char U+0150 (decimal 336)
   defining Unicode char U+0151 (decimal 337)
   defining Unicode char U+0152 (decimal 338)
   defining Unicode char U+0153 (decimal 339)
   defining Unicode char U+0154 (decimal 340)
   defining Unicode char U+0155 (decimal 341)
   defining Unicode char U+0158 (decimal 344)
   defining Unicode char U+0159 (decimal 345)
   defining Unicode char U+015A (decimal 346)
   defining Unicode char U+015B (decimal 347)
   defining Unicode char U+015E (decimal 350)
   defining Unicode char U+015F (decimal 351)
   defining Unicode char U+0160 (decimal 352)
   defining Unicode char U+0161 (decimal 353)
   defining Unicode char U+0162 (decimal 354)
   defining Unicode char U+0163 (decimal 355)
   defining Unicode char U+0164 (decimal 356)
   defining Unicode char U+0165 (decimal 357)
   defining Unicode char U+016E (decimal 366)
   defining Unicode char U+016F (decimal 367)
   defining Unicode char U+0170 (decimal 368)
   defining Unicode char U+0171 (decimal 369)
   defining Unicode char U+0178 (decimal 376)
   defining Unicode char U+0179 (decimal 377)
   defining Unicode char U+017A (decimal 378)
   defining Unicode char U+017B (decimal 379)
   defining Unicode char U+017C (decimal 380)
   defining Unicode char U+017D (decimal 381)
   defining Unicode char U+017E (decimal 382)
   defining Unicode char U+200C (decimal 8204)
   defining Unicode char U+2013 (decimal 8211)
   defining Unicode char U+2014 (decimal 8212)
   defining Unicode char U+2018 (decimal 8216)
   defining Unicode char U+2019 (decimal 8217)
   defining Unicode char U+201A (decimal 8218)
   defining Unicode char U+201C (decimal 8220)
   defining Unicode char U+201D (decimal 8221)
   defining Unicode char U+201E (decimal 8222)
   defining Unicode char U+2030 (decimal 8240)
   defining Unicode char U+2031 (decimal 8241)
   defining Unicode char U+2039 (decimal 8249)
   defining Unicode char U+203A (decimal 8250)
   defining Unicode char U+2423 (decimal 9251)
)
Now handling font encoding OT1 ...
... processing UTF-8 mapping file for font encodingOT1

(/usr/share/texmf/tex/latex/base/ot1enc.dfu
File: ot1enc.dfu 2006/03/30 v1.1i UTF-8 support for inputenc
   defining Unicode char U+00A1 (decimal 161)
   defining Unicode char U+00A3 (decimal 163)
   defining Unicode char U+00B8 (decimal 184)
   defining Unicode char U+00BF (decimal 191)
   defining Unicode char U+00C5 (decimal 197)
   defining Unicode char U+00C6 (decimal 198)
   defining Unicode char U+00D8 (decimal 216)
   defining Unicode char U+00DF (decimal 223)
   defining Unicode char U+00E6 (decimal 230)
   defining Unicode char U+00EC (decimal 236)
   defining Unicode char U+00ED (decimal 237)
   defining Unicode char U+00EE (decimal 238)
   defining Unicode char U+00EF (decimal 239)
   defining Unicode char U+00F8 (decimal 248)
   defining Unicode char U+0131 (decimal 305)
   defining Unicode char U+0141 (decimal 321)
   defining Unicode char U+0142 (decimal 322)
   defining Unicode char U+0152 (decimal 338)
   defining Unicode char U+0153 (decimal 339)
   defining Unicode char U+2013 (decimal 8211)
   defining Unicode char U+2014 (decimal 8212)
   defining Unicode char U+2018 (decimal 8216)
   defining Unicode char U+2019 (decimal 8217)
   defining Unicode char U+201C (decimal 8220)
   defining Unicode char U+201D (decimal 8221)
)
Now handling font encoding OMS ...
... processing UTF-8 mapping file for font encodingOMS

(/usr/share/texmf/tex/latex/base/omsenc.dfu
File: omsenc.dfu 2006/03/30 v1.1i UTF-8 support for inputenc
   defining Unicode char U+00A7 (decimal 167)
   defining Unicode char U+00B6 (decimal 182)
   defining Unicode char U+00B7 (decimal 183)
   defining Unicode char U+2020 (decimal 8224)
   defining Unicode char U+2021 (decimal 8225)
   defining Unicode char U+2022 (decimal 8226)
)
Now handling font encoding OMX ...
... no UTF-8 mapping file for font encoding OMX
Now handling font encoding U ...
... no UTF-8 mapping file for font encoding U
   defining Unicode char U+00A9 (decimal 169)
   defining Unicode char U+00AA (decimal 170)
   defining Unicode char U+00AE (decimal 174)
   defining Unicode char U+00BA (decimal 186)
   defining Unicode char U+02C6 (decimal 710)
   defining Unicode char U+02DC (decimal 732)
   defining Unicode char U+200C (decimal 8204)
   defining Unicode char U+2026 (decimal 8230)
   defining Unicode char U+2122 (decimal 8482)
   defining Unicode char U+2423 (decimal 9251)
))
(/usr/share/texmf/tex/latex/hyperref/hyperref.sty
Package: hyperref 2007/02/07 v6.75r Hypertext links for LaTeX

(/usr/share/texmf/tex/latex/graphics/keyval.sty
Package: keyval 1999/03/16 v1.13 key=value parser (DPC)
\KV@toks@=\toks18
)
\@linkdim=\dimen105
\Hy@linkcounter=\count92
\Hy@pagecounter=\count93

(/usr/share/texmf/tex/latex/hyperref/pd1enc.def
File: pd1enc.def 2007/02/07 v6.75r Hyperref: PDFDocEncoding definition (HO)
Now handling font encoding PD1 ...
... no UTF-8 mapping file for font encoding PD1
)
(/usr/share/texmf/tex/latex/config/hyperref.cfg
File: hyperref.cfg 2002/06/06 v1.2 hyperref configuration of TeXLive
)
(/usr/share/texmf/tex/latex/oberdiek/kvoptions.sty
Package: kvoptions 2006/08/22 v2.4 Connects package keyval with LaTeX options (
HO)
)
Package hyperref Info: Option `bookmarks' set `true' on input line 2238.
Package hyperref Info: Option `bookmarksopen' set `false' on input line 2238.
Package hyperref Info: Option `colorlinks' set `true' on input line 2238.
Package hyperref Info: Hyper figures OFF on input line 2288.
Package hyperref Info: Link nesting OFF on input line 2293.
Package hyperref Info: Hyper index ON on input line 2296.
Package hyperref Info: Plain pages OFF on input line 2303.
Package hyperref Info: Backreferencing ON on input line 2306.

Implicit mode ON; LaTeX internals redefined
Package hyperref Info: Bookmarks ON on input line 2444.
(/usr/share/texmf/tex/latex/hyperref/backref.sty
Package: backref 2006/10/06 v1.27 Bibliographical back referencing
)
(/usr/share/texmf/tex/latex/ltxmisc/url.sty
\Urlmuskip=\muskip10
Package: url 2005/06/27  ver 3.2  Verb mode for urls, etc.
)
LaTeX Info: Redefining \url on input line 2599.
\Fld@menulength=\count94
\Field@Width=\dimen106
\Fld@charsize=\dimen107
\Choice@toks=\toks19
\Field@toks=\toks20
Package hyperref Info: Hyper figures OFF on input line 3102.
Package hyperref Info: Link nesting OFF on input line 3107.
Package hyperref Info: Hyper index ON on input line 3110.
Package hyperref Info: backreferencing ON on input line 3115.
Package hyperref Info: Link coloring ON on input line 3120.
\Hy@abspage=\count95
\c@Item=\count96
\c@Hfootnote=\count97
)
*hyperref using driver hdvips*
(/usr/share/texmf/tex/latex/hyperref/hdvips.def
File: hdvips.def 2007/02/07 v6.75r Hyperref driver for dvips

(/usr/share/texmf/tex/latex/hyperref/pdfmark.def
File: pdfmark.def 2007/02/07 v6.75r Hyperref definitions for pdfmark specials
\pdf@docset=\toks21
\pdf@box=\box30
\pdf@toks=\toks22
\pdf@defaulttoks=\toks23
\Fld@listcount=\count98
))
\@indexfile=\write3
\openout3 = `api.idx'.


Writing index file api.idx
(./api.aux (./pygtk_chart-module.aux) (./pygtk_chart.bar_chart-module.aux)
(./pygtk_chart.basics-module.aux) (./pygtk_chart.chart-module.aux)
(./pygtk_chart.chart_object-module.aux) (./pygtk_chart.label-module.aux)
(./pygtk_chart.line_chart-module.aux) (./pygtk_chart.multi_bar_chart-module.aux
) (./pygtk_chart.pie_chart-module.aux))
\openout1 = `api.aux'.

LaTeX Font Info:    Checking defaults for OML/cmm/m/it on input line 80.
LaTeX Font Info:    ... okay on input line 80.
LaTeX Font Info:    Checking defaults for T1/cmr/m/n on input line 80.
LaTeX Font Info:    ... okay on input line 80.
LaTeX Font Info:    Checking defaults for OT1/cmr/m/n on input line 80.
LaTeX Font Info:    ... okay on input line 80.
LaTeX Font Info:    Checking defaults for OMS/cmsy/m/n on input line 80.
LaTeX Font Info:    ... okay on input line 80.
LaTeX Font Info:    Checking defaults for OMX/cmex/m/n on input line 80.
LaTeX Font Info:    ... okay on input line 80.
LaTeX Font Info:    Checking defaults for U/cmr/m/n on input line 80.
LaTeX Font Info:    ... okay on input line 80.
LaTeX Font Info:    Checking defaults for PD1/pdf/m/n on input line 80.
LaTeX Font Info:    ... okay on input line 80.
Package hyperref Info: Link coloring ON on input line 80.

(/usr/share/texmf/tex/latex/hyperref/nameref.sty
Package: nameref 2006/12/27 v2.28 Cross-referencing by name of section

(/usr/share/texmf/tex/latex/oberdiek/refcount.sty
Package: refcount 2006/02/20 v3.0 Data extraction from references (HO)
)
\c@section@level=\count99
)
LaTeX Info: Redefining \ref on input line 80.
LaTeX Info: Redefining \pageref on input line 80.
 (./api.out) (./api.out)
\@outlinefile=\write4
\openout4 = `api.out'.

LaTeX Font Info:    Try loading font information for U+msa on input line 95.

(/usr/share/texmf/tex/latex/amsfonts/umsa.fd
File: umsa.fd 2002/01/19 v2.2g AMS font definitions
)
LaTeX Font Info:    Try loading font information for U+msb on input line 95.

(/usr/share/texmf/tex/latex/amsfonts/umsb.fd
File: umsb.fd 2002/01/19 v2.2g AMS font definitions
) (./api.toc [1

] [2])
\tf@toc=\write5
\openout5 = `api.toc'.

 [3]
\openout2 = `pygtk_chart-module.aux'.


(./pygtk_chart-module.tex
LaTeX Font Info:    Try loading font information for OMS+cmr on input line 21.
 (/usr/share/texmf/tex/latex/base/omscmr.fd
File: omscmr.fd 1999/05/25 v2.5h Standard LaTeX font definitions
)
LaTeX Font Info:    Font shape `OMS/cmr/m/n' in size <10> not available
(Font)              Font shape `OMS/cmsy/m/n' tried instead on input line 21.

Overfull \hbox (59.45563pt too wide) in paragraph at lines 121--122
\OT1/cmtt/m/n/10 gdk[]color[]list[]from[]file(os.sep.join([os.path.dirname([][]
f...|  
 []

[4

]) [5]
\openout2 = `pygtk_chart.bar_chart-module.aux'.

 (./pygtk_chart.bar_chart-module.tex [6


]
Overfull \hbox (0.68175pt too wide) in paragraph at lines 322--323
[]\OT1/cmr/m/n/12 get[]color(), get[]highlighted(), get[]label(), get[]value(),
 set[]color(), set[]highlighted(),
 []

[7]
Overfull \hbox (4.67671pt too wide) in paragraph at lines 334--335
\OT1/cmr/m/n/12 con-nect[]object(), con-nect[]object[]after(), dis-con-nect(), 
dis-con-nect[]by[]func(), emit(),
 []


Overfull \hbox (22.99345pt too wide) in paragraph at lines 334--335
\OT1/cmr/m/n/12 han-dler[]block(), han-dler[]block[]by[]func(), han-dler[]disco
nnect(), han-dler[]is[]connected(),
 []


Overfull \hbox (46.50627pt too wide) in paragraph at lines 334--335
\OT1/cmr/m/n/12 han-dler[]unblock(), han-dler[]unblock[]by[]func(), no-tify(), 
props(), set[]data(), set[]properties(),
 []

LaTeX Font Info:    Try loading font information for OMS+cmtt on input line 377
.
LaTeX Font Info:    No file OMScmtt.fd. on input line 377.

LaTeX Font Warning: Font shape `OMS/cmtt/m/n' undefined
(Font)              using `OMS/cmsy/m/n' instead
(Font)              for symbol `textbraceleft' on input line 377.

LaTeX Font Info:    Try loading font information for OML+cmtt on input line 380
.
LaTeX Font Info:    No file OMLcmtt.fd. on input line 380.

LaTeX Font Warning: Font shape `OML/cmtt/m/n' undefined
(Font)              using `OML/cmm/m/it' instead
(Font)              for symbol `textless' on input line 380.

[8]
LaTeX Font Info:    Font shape `OMS/cmr/m/n' in size <12> not available
(Font)              Font shape `OMS/cmsy/m/n' tried instead on input line 437.
 [9] [10]
Overfull \hbox (4.67671pt too wide) in paragraph at lines 756--757
\OT1/cmr/m/n/12 con-nect[]object(), con-nect[]object[]after(), dis-con-nect(), 
dis-con-nect[]by[]func(), emit(),
 []


Overfull \hbox (22.99345pt too wide) in paragraph at lines 756--757
\OT1/cmr/m/n/12 han-dler[]block(), han-dler[]block[]by[]func(), han-dler[]disco
nnect(), han-dler[]is[]connected(),
 []


Overfull \hbox (46.50627pt too wide) in paragraph at lines 756--757
\OT1/cmr/m/n/12 han-dler[]unblock(), han-dler[]unblock[]by[]func(), no-tify(), 
props(), set[]data(), set[]properties(),
 []

[11]
Overfull \hbox (19.38081pt too wide) in paragraph at lines 1001--1003
[]\OT1/cmr/m/n/12 mode (the mode of the bar chart, type: one of MODE[]VERTICAL,
 MODE[]HORIZONTAL) 
 []

[12] [13] [14]
Overfull \hbox (22.54958pt too wide) in paragraph at lines 1407--1408
[]\OT1/cmr/m/n/12 activate(), add[]accelerator(), add[]events(), add[]mnemonic[
]label(), can[]activate[]accel(),
 []


Overfull \hbox (27.88924pt too wide) in paragraph at lines 1407--1408
\OT1/cmr/m/n/12 child[]focus(), child[]notify(), class[]path(), cre-ate[]pango[
]context(), cre-ate[]pango[]layout(),
 []


Overfull \hbox (16.57018pt too wide) in paragraph at lines 1407--1408
\OT1/cmr/m/n/12 de-stroy(), do[]button[]press[]event(), do[]button[]release[]ev
ent(), do[]can[]activate[]accel(),
 []


Overfull \hbox (6.59584pt too wide) in paragraph at lines 1407--1408
\OT1/cmr/m/n/12 do[]client[]event(), do[]composited[]changed(), do[]configure[]
event(), do[]delete[]event(),
 []


Overfull \hbox (3.31892pt too wide) in paragraph at lines 1407--1408
\OT1/cmr/m/n/12 do[]destroy[]event(), do[]direction[]changed(), do[]drag[]begin
(), do[]drag[]data[]delete(),
 []


Overfull \hbox (50.1487pt too wide) in paragraph at lines 1407--1408
\OT1/cmr/m/n/12 do[]drag[]data[]get(), do[]drag[]data[]received(), do[]drag[]dr
op(), do[]drag[]end(), do[]drag[]leave(),
 []


Overfull \hbox (9.84663pt too wide) in paragraph at lines 1407--1408
\OT1/cmr/m/n/12 do[]drag[]motion(), do[]enter[]notify[]event(), do[]event(), do
[]expose[]event(), do[]focus(),
 []


Overfull \hbox (17.19682pt too wide) in paragraph at lines 1407--1408
\OT1/cmr/m/n/12 do[]focus[]in[]event(), do[]focus[]out[]event(), do[]get[]acces
sible(), do[]grab[]broken[]event(),
 []


Overfull \hbox (68.62212pt too wide) in paragraph at lines 1407--1408
\OT1/cmr/m/n/12 do[]key[]press[]event(), do[]key[]release[]event(), do[]leave[]
notify[]event(), do[]map(), do[]map[]event(),
 []


Overfull \hbox (36.66246pt too wide) in paragraph at lines 1407--1408
\OT1/cmr/m/n/12 do[]mnemonic[]activate(), do[]motion[]notify[]event(), do[]no[]
expose[]event(), do[]parent[]set(),
 []


Overfull \hbox (76.01149pt too wide) in paragraph at lines 1407--1408
\OT1/cmr/m/n/12 do[]popup[]menu(), do[]property[]notify[]event(), do[]proximity
[]in[]event(), do[]proximity[]out[]event(),
 []


Overfull \hbox (71.97737pt too wide) in paragraph at lines 1407--1408
\OT1/cmr/m/n/12 do[]realize(), do[]screen[]changed(), do[]scroll[]event(), do[]
selection[]clear[]event(), do[]selection[]get(),
 []


Overfull \hbox (45.03099pt too wide) in paragraph at lines 1407--1408
\OT1/cmr/m/n/12 do[]selection[]notify[]event(), do[]selection[]received(), do[]
selection[]request[]event(), do[]show(),
 []


Overfull \hbox (21.84456pt too wide) in paragraph at lines 1407--1408
\OT1/cmr/m/n/12 do[]show[]all(), do[]show[]help(), do[]size[]allocate(), do[]si
ze[]request(), do[]state[]changed(),
 []


Overfull \hbox (36.34914pt too wide) in paragraph at lines 1407--1408
\OT1/cmr/m/n/12 do[]style[]set(), do[]unmap(), do[]unmap[]event(), do[]unrealiz
e(), do[]visibility[]notify[]event(),
 []


Overfull \hbox (60.94554pt too wide) in paragraph at lines 1407--1408
\OT1/cmr/m/n/12 do[]window[]state[]event(), drag[]begin(), drag[]check[]thresho
ld(), drag[]dest[]add[]image[]targets(),
 []


Overfull \hbox (66.32436pt too wide) in paragraph at lines 1407--1408
\OT1/cmr/m/n/12 drag[]dest[]get[]target[]list(), drag[]dest[]get[]track[]motion
(), drag[]dest[]set(), drag[]dest[]set[]proxy(),
 []


Overfull \hbox (46.75429pt too wide) in paragraph at lines 1407--1408
\OT1/cmr/m/n/12 drag[]dest[]set[]target[]list(), drag[]dest[]set[]track[]motion
(), drag[]dest[]unset(), drag[]get[]data(),
 []


Overfull \hbox (93.47963pt too wide) in paragraph at lines 1407--1408
\OT1/cmr/m/n/12 drag[]source[]add[]uri[]targets(), drag[]source[]get[]target[]l
ist(), drag[]source[]set(), drag[]source[]set[]icon(),
 []


Overfull \hbox (31.15306pt too wide) in paragraph at lines 1407--1408
\OT1/cmr/m/n/12 drag[]source[]set[]icon[]name(), drag[]source[]set[]icon[]pixbu
f(), drag[]source[]set[]icon[]stock(),
 []


Overfull \hbox (7.96666pt too wide) in paragraph at lines 1407--1408
\OT1/cmr/m/n/12 drag[]source[]set[]target[]list(), drag[]source[]unset(), drag[
]unhighlight(), en-sure[]style(),
 []


Overfull \hbox (49.69179pt too wide) in paragraph at lines 1407--1408
\OT1/cmr/m/n/12 er-ror[]bell(), event(), freeze[]child[]notify(), get[]accessib
le(), get[]action(), get[]activate[]signal(),
 []


Overfull \hbox (37.35442pt too wide) in paragraph at lines 1407--1408
\OT1/cmr/m/n/12 get[]allocation(), get[]ancestor(), get[]child[]requisition(), 
get[]child[]visible(), get[]clipboard(),
 []


Overfull \hbox (48.5429pt too wide) in paragraph at lines 1407--1408
\OT1/cmr/m/n/12 get[]extension[]events(), get[]has[]tooltip(), get[]modifier[]s
tyle(), get[]name(), get[]no[]show[]all(),
 []


Overfull \hbox (35.83998pt too wide) in paragraph at lines 1407--1408
\OT1/cmr/m/n/12 get[]pango[]context(), get[]parent(), get[]parent[]window(), ge
t[]pointer(), get[]root[]window(),
 []


Overfull \hbox (65.34523pt too wide) in paragraph at lines 1407--1408
\OT1/cmr/m/n/12 get[]screen(), get[]settings(), get[]size[]request(), get[]snap
shot(), get[]style(), get[]tooltip[]markup(),
 []


Overfull \hbox (21.8968pt too wide) in paragraph at lines 1407--1408
\OT1/cmr/m/n/12 grab[]add(), grab[]default(), grab[]focus(), grab[]remove(), ha
s[]screen(), hide(), hide[]all(),
 []


Overfull \hbox (32.06697pt too wide) in paragraph at lines 1407--1408
\OT1/cmr/m/n/12 hide[]on[]delete(), in-put[]shape[]combine[]mask(), in-ter-sect
(), is[]ancestor(), is[]composited(),
 []


Overfull \hbox (27.94145pt too wide) in paragraph at lines 1407--1408
\OT1/cmr/m/n/12 is[]focus(), key-nav[]failed(), list[]mnemonic[]labels(), map()
, menu[]get[]for[]attach[]widget(),
 []


Overfull \hbox (18.24129pt too wide) in paragraph at lines 1407--1408
\OT1/cmr/m/n/12 mod-ify[]font(), mod-ify[]style(), mod-ify[]text(), path(), que
ue[]clear(), queue[]clear[]area(),
 []


Overfull \hbox (35.0436pt too wide) in paragraph at lines 1407--1408
\OT1/cmr/m/n/12 queue[]draw(), queue[]draw[]area(), queue[]resize(), queue[]res
ize[]no[]redraw(), rc[]get[]style(),
 []


Overfull \hbox (29.45589pt too wide) in paragraph at lines 1407--1408
\OT1/cmr/m/n/12 lec-tion[]add[]targets(), se-lec-tion[]clear[]targets(), se-lec
-tion[]convert(), se-lec-tion[]owner[]set(),
 []


Overfull \hbox (68.59602pt too wide) in paragraph at lines 1407--1408
\OT1/cmr/m/n/12 se-lec-tion[]remove[]all(), send[]expose(), set[]accel[]path(),
 set[]activate[]signal(), set[]app[]paintable(),
 []


Overfull \hbox (62.73415pt too wide) in paragraph at lines 1407--1408
\OT1/cmr/m/n/12 set[]child[]visible(), set[]colormap(), set[]composite[]name(),
 set[]direction(), set[]double[]buffered(),
 []


Overfull \hbox (4.16753pt too wide) in paragraph at lines 1407--1408
\OT1/cmr/m/n/12 set[]events(), set[]extension[]events(), set[]has[]tooltip(), s
et[]name(), set[]no[]show[]all(),
 []


Overfull \hbox (10.57774pt too wide) in paragraph at lines 1407--1408
\OT1/cmr/m/n/12 set[]parent(), set[]parent[]window(), set[]redraw[]on[]allocate
(), set[]scroll[]adjustments(),
 []


Overfull \hbox (43.72545pt too wide) in paragraph at lines 1407--1408
\OT1/cmr/m/n/12 set[]sensitive(), set[]set[]scroll[]adjustments[]signal(), set[
]size[]request(), set[]state(), set[]style(),
 []


Overfull \hbox (33.68584pt too wide) in paragraph at lines 1407--1408
\OT1/cmr/m/n/12 set[]tooltip[]markup(), set[]tooltip[]text(), set[]tooltip[]win
dow(), set[]uposition(), set[]usize(),
 []


Overfull \hbox (13.80244pt too wide) in paragraph at lines 1407--1408
\OT1/cmr/m/n/12 shape[]combine[]mask(), show(), show[]all(), show[]now(), size[
]allocate(), size[]request(),
 []


Overfull \hbox (31.54475pt too wide) in paragraph at lines 1407--1408
\OT1/cmr/m/n/12 style[]get[]property(), thaw[]child[]notify(), trans-late[]coor
dinates(), trig-ger[]tooltip[]query(),
 []

[15]
Overfull \hbox (4.67671pt too wide) in paragraph at lines 1419--1420
\OT1/cmr/m/n/12 con-nect[]object(), con-nect[]object[]after(), dis-con-nect(), 
dis-con-nect[]by[]func(), emit(),
 []


Overfull \hbox (22.99345pt too wide) in paragraph at lines 1419--1420
\OT1/cmr/m/n/12 han-dler[]block(), han-dler[]block[]by[]func(), han-dler[]disco
nnect(), han-dler[]is[]connected(),
 []


Overfull \hbox (46.50627pt too wide) in paragraph at lines 1419--1420
\OT1/cmr/m/n/12 han-dler[]unblock(), han-dler[]unblock[]by[]func(), no-tify(), 
props(), set[]data(), set[]properties(),
 []


Overfull \hbox (39.8741pt too wide) in paragraph at lines 1431--1432
[]\OT1/cmr/m/n/12 add[]child(), con-struct[]child(), do[]add[]child(), do[]cons
truct[]child(), do[]get[]internal[]child(),
 []

[16]) [17]
\openout2 = `pygtk_chart.basics-module.aux'.

 (./pygtk_chart.basics-module.tex
LaTeX Font Info:    Try loading font information for OML+cmr on input line 42.

(/usr/share/texmf/tex/latex/base/omlcmr.fd
File: omlcmr.fd 1999/05/25 v2.5h Standard LaTeX font definitions
)
LaTeX Font Info:    Font shape `OML/cmr/m/it' in size <12> not available
(Font)              Font shape `OML/cmm/m/it' tried instead on input line 42.
 [18


]) [19]
\openout2 = `pygtk_chart.chart-module.aux'.


(./pygtk_chart.chart-module.tex [20


]
Overfull \hbox (145.53085pt too wide) in paragraph at lines 256--260
[]\OT1/cmr/bx/n/12 Known Sub-classes: \OT1/cmr/m/n/12 pygtk[]chart.bar[]chart.B
arChart, pygtk[]chart.line[]chart.LineChart, pygtk[]chart.pie[]chart.PieChart 
 []

[21] [22]
Overfull \hbox (22.54958pt too wide) in paragraph at lines 556--557
[]\OT1/cmr/m/n/12 activate(), add[]accelerator(), add[]events(), add[]mnemonic[
]label(), can[]activate[]accel(),
 []


Overfull \hbox (27.88924pt too wide) in paragraph at lines 556--557
\OT1/cmr/m/n/12 child[]focus(), child[]notify(), class[]path(), cre-ate[]pango[
]context(), cre-ate[]pango[]layout(),
 []


Overfull \hbox (16.57018pt too wide) in paragraph at lines 556--557
\OT1/cmr/m/n/12 de-stroy(), do[]button[]press[]event(), do[]button[]release[]ev
ent(), do[]can[]activate[]accel(),
 []


Overfull \hbox (6.59584pt too wide) in paragraph at lines 556--557
\OT1/cmr/m/n/12 do[]client[]event(), do[]composited[]changed(), do[]configure[]
event(), do[]delete[]event(),
 []


Overfull \hbox (3.31892pt too wide) in paragraph at lines 556--557
\OT1/cmr/m/n/12 do[]destroy[]event(), do[]direction[]changed(), do[]drag[]begin
(), do[]drag[]data[]delete(),
 []


Overfull \hbox (50.1487pt too wide) in paragraph at lines 556--557
\OT1/cmr/m/n/12 do[]drag[]data[]get(), do[]drag[]data[]received(), do[]drag[]dr
op(), do[]drag[]end(), do[]drag[]leave(),
 []


Overfull \hbox (9.84663pt too wide) in paragraph at lines 556--557
\OT1/cmr/m/n/12 do[]drag[]motion(), do[]enter[]notify[]event(), do[]event(), do
[]expose[]event(), do[]focus(),
 []


Overfull \hbox (17.19682pt too wide) in paragraph at lines 556--557
\OT1/cmr/m/n/12 do[]focus[]in[]event(), do[]focus[]out[]event(), do[]get[]acces
sible(), do[]grab[]broken[]event(),
 []


Overfull \hbox (68.62212pt too wide) in paragraph at lines 556--557
\OT1/cmr/m/n/12 do[]key[]press[]event(), do[]key[]release[]event(), do[]leave[]
notify[]event(), do[]map(), do[]map[]event(),
 []


Overfull \hbox (36.66246pt too wide) in paragraph at lines 556--557
\OT1/cmr/m/n/12 do[]mnemonic[]activate(), do[]motion[]notify[]event(), do[]no[]
expose[]event(), do[]parent[]set(),
 []


Overfull \hbox (76.01149pt too wide) in paragraph at lines 556--557
\OT1/cmr/m/n/12 do[]popup[]menu(), do[]property[]notify[]event(), do[]proximity
[]in[]event(), do[]proximity[]out[]event(),
 []


Overfull \hbox (71.97737pt too wide) in paragraph at lines 556--557
\OT1/cmr/m/n/12 do[]realize(), do[]screen[]changed(), do[]scroll[]event(), do[]
selection[]clear[]event(), do[]selection[]get(),
 []


Overfull \hbox (45.03099pt too wide) in paragraph at lines 556--557
\OT1/cmr/m/n/12 do[]selection[]notify[]event(), do[]selection[]received(), do[]
selection[]request[]event(), do[]show(),
 []


Overfull \hbox (21.84456pt too wide) in paragraph at lines 556--557
\OT1/cmr/m/n/12 do[]show[]all(), do[]show[]help(), do[]size[]allocate(), do[]si
ze[]request(), do[]state[]changed(),
 []


Overfull \hbox (36.34914pt too wide) in paragraph at lines 556--557
\OT1/cmr/m/n/12 do[]style[]set(), do[]unmap(), do[]unmap[]event(), do[]unrealiz
e(), do[]visibility[]notify[]event(),
 []


Overfull \hbox (60.94554pt too wide) in paragraph at lines 556--557
\OT1/cmr/m/n/12 do[]window[]state[]event(), drag[]begin(), drag[]check[]thresho
ld(), drag[]dest[]add[]image[]targets(),
 []


Overfull \hbox (66.32436pt too wide) in paragraph at lines 556--557
\OT1/cmr/m/n/12 drag[]dest[]get[]target[]list(), drag[]dest[]get[]track[]motion
(), drag[]dest[]set(), drag[]dest[]set[]proxy(),
 []


Overfull \hbox (46.75429pt too wide) in paragraph at lines 556--557
\OT1/cmr/m/n/12 drag[]dest[]set[]target[]list(), drag[]dest[]set[]track[]motion
(), drag[]dest[]unset(), drag[]get[]data(),
 []


Overfull \hbox (93.47963pt too wide) in paragraph at lines 556--557
\OT1/cmr/m/n/12 drag[]source[]add[]uri[]targets(), drag[]source[]get[]target[]l
ist(), drag[]source[]set(), drag[]source[]set[]icon(),
 []


Overfull \hbox (31.15306pt too wide) in paragraph at lines 556--557
\OT1/cmr/m/n/12 drag[]source[]set[]icon[]name(), drag[]source[]set[]icon[]pixbu
f(), drag[]source[]set[]icon[]stock(),
 []


Overfull \hbox (7.96666pt too wide) in paragraph at lines 556--557
\OT1/cmr/m/n/12 drag[]source[]set[]target[]list(), drag[]source[]unset(), drag[
]unhighlight(), en-sure[]style(),
 []


Overfull \hbox (49.69179pt too wide) in paragraph at lines 556--557
\OT1/cmr/m/n/12 er-ror[]bell(), event(), freeze[]child[]notify(), get[]accessib
le(), get[]action(), get[]activate[]signal(),
 []


Overfull \hbox (37.35442pt too wide) in paragraph at lines 556--557
\OT1/cmr/m/n/12 get[]allocation(), get[]ancestor(), get[]child[]requisition(), 
get[]child[]visible(), get[]clipboard(),
 []


Overfull \hbox (48.5429pt too wide) in paragraph at lines 556--557
\OT1/cmr/m/n/12 get[]extension[]events(), get[]has[]tooltip(), get[]modifier[]s
tyle(), get[]name(), get[]no[]show[]all(),
 []


Overfull \hbox (35.83998pt too wide) in paragraph at lines 556--557
\OT1/cmr/m/n/12 get[]pango[]context(), get[]parent(), get[]parent[]window(), ge
t[]pointer(), get[]root[]window(),
 []


Overfull \hbox (65.34523pt too wide) in paragraph at lines 556--557
\OT1/cmr/m/n/12 get[]screen(), get[]settings(), get[]size[]request(), get[]snap
shot(), get[]style(), get[]tooltip[]markup(),
 []


Overfull \hbox (21.8968pt too wide) in paragraph at lines 556--557
\OT1/cmr/m/n/12 grab[]add(), grab[]default(), grab[]focus(), grab[]remove(), ha
s[]screen(), hide(), hide[]all(),
 []


Overfull \hbox (32.06697pt too wide) in paragraph at lines 556--557
\OT1/cmr/m/n/12 hide[]on[]delete(), in-put[]shape[]combine[]mask(), in-ter-sect
(), is[]ancestor(), is[]composited(),
 []


Overfull \hbox (27.94145pt too wide) in paragraph at lines 556--557
\OT1/cmr/m/n/12 is[]focus(), key-nav[]failed(), list[]mnemonic[]labels(), map()
, menu[]get[]for[]attach[]widget(),
 []


Overfull \hbox (18.24129pt too wide) in paragraph at lines 556--557
\OT1/cmr/m/n/12 mod-ify[]font(), mod-ify[]style(), mod-ify[]text(), path(), que
ue[]clear(), queue[]clear[]area(),
 []


Overfull \hbox (35.0436pt too wide) in paragraph at lines 556--557
\OT1/cmr/m/n/12 queue[]draw(), queue[]draw[]area(), queue[]resize(), queue[]res
ize[]no[]redraw(), rc[]get[]style(),
 []


Overfull \hbox (29.45589pt too wide) in paragraph at lines 556--557
\OT1/cmr/m/n/12 lec-tion[]add[]targets(), se-lec-tion[]clear[]targets(), se-lec
-tion[]convert(), se-lec-tion[]owner[]set(),
 []


Overfull \hbox (68.59602pt too wide) in paragraph at lines 556--557
\OT1/cmr/m/n/12 se-lec-tion[]remove[]all(), send[]expose(), set[]accel[]path(),
 set[]activate[]signal(), set[]app[]paintable(),
 []


Overfull \hbox (62.73415pt too wide) in paragraph at lines 556--557
\OT1/cmr/m/n/12 set[]child[]visible(), set[]colormap(), set[]composite[]name(),
 set[]direction(), set[]double[]buffered(),
 []


Overfull \hbox (4.16753pt too wide) in paragraph at lines 556--557
\OT1/cmr/m/n/12 set[]events(), set[]extension[]events(), set[]has[]tooltip(), s
et[]name(), set[]no[]show[]all(),
 []


Overfull \hbox (10.57774pt too wide) in paragraph at lines 556--557
\OT1/cmr/m/n/12 set[]parent(), set[]parent[]window(), set[]redraw[]on[]allocate
(), set[]scroll[]adjustments(),
 []


Overfull \hbox (43.72545pt too wide) in paragraph at lines 556--557
\OT1/cmr/m/n/12 set[]sensitive(), set[]set[]scroll[]adjustments[]signal(), set[
]size[]request(), set[]state(), set[]style(),
 []


Overfull \hbox (33.68584pt too wide) in paragraph at lines 556--557
\OT1/cmr/m/n/12 set[]tooltip[]markup(), set[]tooltip[]text(), set[]tooltip[]win
dow(), set[]uposition(), set[]usize(),
 []


Overfull \hbox (13.80244pt too wide) in paragraph at lines 556--557
\OT1/cmr/m/n/12 shape[]combine[]mask(), show(), show[]all(), show[]now(), size[
]allocate(), size[]request(),
 []


Overfull \hbox (31.54475pt too wide) in paragraph at lines 556--557
\OT1/cmr/m/n/12 style[]get[]property(), thaw[]child[]notify(), trans-late[]coor
dinates(), trig-ger[]tooltip[]query(),
 []

[23]
Overfull \hbox (4.67671pt too wide) in paragraph at lines 568--569
\OT1/cmr/m/n/12 con-nect[]object(), con-nect[]object[]after(), dis-con-nect(), 
dis-con-nect[]by[]func(), emit(),
 []


Overfull \hbox (22.99345pt too wide) in paragraph at lines 568--569
\OT1/cmr/m/n/12 han-dler[]block(), han-dler[]block[]by[]func(), han-dler[]disco
nnect(), han-dler[]is[]connected(),
 []


Overfull \hbox (46.50627pt too wide) in paragraph at lines 568--569
\OT1/cmr/m/n/12 han-dler[]unblock(), han-dler[]unblock[]by[]func(), no-tify(), 
props(), set[]data(), set[]properties(),
 []

[24]
Overfull \hbox (39.8741pt too wide) in paragraph at lines 580--581
[]\OT1/cmr/m/n/12 add[]child(), con-struct[]child(), do[]add[]child(), do[]cons
truct[]child(), do[]get[]internal[]child(),
 []

[25] [26]
Overfull \hbox (4.67671pt too wide) in paragraph at lines 926--927
\OT1/cmr/m/n/12 con-nect[]object(), con-nect[]object[]after(), dis-con-nect(), 
dis-con-nect[]by[]func(), emit(),
 []


Overfull \hbox (22.99345pt too wide) in paragraph at lines 926--927
\OT1/cmr/m/n/12 han-dler[]block(), han-dler[]block[]by[]func(), han-dler[]disco
nnect(), han-dler[]is[]connected(),
 []


Overfull \hbox (46.50627pt too wide) in paragraph at lines 926--927
\OT1/cmr/m/n/12 han-dler[]unblock(), han-dler[]unblock[]by[]func(), no-tify(), 
props(), set[]data(), set[]properties(),
 []

[27] [28]
Overfull \hbox (69.65352pt too wide) in paragraph at lines 1070--1071
[]\OT1/cmr/m/n/12 do[]get[]property(), do[]set[]property(), get[]allocation(), 
get[]anchor(), get[]calculated[]dimensions(),
 []


Overfull \hbox (64.35301pt too wide) in paragraph at lines 1070--1071
\OT1/cmr/m/n/12 get[]color(), get[]fixed(), get[]line[]count(), get[]max[]width
(), get[]position(), get[]real[]dimensions(),
 []


Overfull \hbox (4.65059pt too wide) in paragraph at lines 1070--1071
\OT1/cmr/m/n/12 get[]real[]position(), get[]rotation(), get[]size(), get[]slant
(), get[]text(), get[]underline(),
 []


Overfull \hbox (41.27104pt too wide) in paragraph at lines 1070--1071
\OT1/cmr/m/n/12 set[]position(), set[]rotation(), set[]size(), set[]slant(), se
t[]text(), set[]underline(), set[]weight(),
 []


Overfull \hbox (4.67671pt too wide) in paragraph at lines 1082--1083
\OT1/cmr/m/n/12 con-nect[]object(), con-nect[]object[]after(), dis-con-nect(), 
dis-con-nect[]by[]func(), emit(),
 []


Overfull \hbox (22.99345pt too wide) in paragraph at lines 1082--1083
\OT1/cmr/m/n/12 han-dler[]block(), han-dler[]block[]by[]func(), han-dler[]disco
nnect(), han-dler[]is[]connected(),
 []


Overfull \hbox (46.50627pt too wide) in paragraph at lines 1082--1083
\OT1/cmr/m/n/12 han-dler[]unblock(), han-dler[]unblock[]by[]func(), no-tify(), 
props(), set[]data(), set[]properties(),
 []

[29] [30] [31]
Overfull \hbox (4.67671pt too wide) in paragraph at lines 1494--1495
\OT1/cmr/m/n/12 con-nect[]object(), con-nect[]object[]after(), dis-con-nect(), 
dis-con-nect[]by[]func(), emit(),
 []


Overfull \hbox (22.99345pt too wide) in paragraph at lines 1494--1495
\OT1/cmr/m/n/12 han-dler[]block(), han-dler[]block[]by[]func(), han-dler[]disco
nnect(), han-dler[]is[]connected(),
 []


Overfull \hbox (46.50627pt too wide) in paragraph at lines 1494--1495
\OT1/cmr/m/n/12 han-dler[]unblock(), han-dler[]unblock[]by[]func(), no-tify(), 
props(), set[]data(), set[]properties(),
 []

[32]) [33]
\openout2 = `pygtk_chart.chart_object-module.aux'.

 (./pygtk_chart.chart_object-module.tex
Overfull \hbox (112.05481pt too wide) in paragraph at lines 50--60
[]\OT1/cmr/bx/n/12 Known Sub-classes: \OT1/cmr/m/n/12 pygtk[]chart.chart.Area, 
pygtk[]chart.multi[]bar[]chart.BarGroup, pygtk[]chart.line[]chart.Axis,
 []


Overfull \hbox (127.95932pt too wide) in paragraph at lines 50--60
\OT1/cmr/m/n/12 pygtk[]chart.line[]chart.Graph, pygtk[]chart.line[]chart.Grid, 
pygtk[]chart.line[]chart.Legend, pygtk[]chart.bar[]chart.Grid,
 []

[34


]
Overfull \hbox (4.67671pt too wide) in paragraph at lines 303--304
\OT1/cmr/m/n/12 con-nect[]object(), con-nect[]object[]after(), dis-con-nect(), 
dis-con-nect[]by[]func(), emit(),
 []


Overfull \hbox (22.99345pt too wide) in paragraph at lines 303--304
\OT1/cmr/m/n/12 han-dler[]block(), han-dler[]block[]by[]func(), han-dler[]disco
nnect(), han-dler[]is[]connected(),
 []


Overfull \hbox (46.50627pt too wide) in paragraph at lines 303--304
\OT1/cmr/m/n/12 han-dler[]unblock(), han-dler[]unblock[]by[]func(), no-tify(), 
props(), set[]data(), set[]properties(),
 []

[35]
Overfull \hbox (39.87053pt too wide) in paragraph at lines 345--346
\OMS/cmtt/m/n/12 f\OT1/cmtt/m/n/12 "appearance-changed":(gobject.SIGNAL[]RUN[]L
AST, 
 []

) [36]
\openout2 = `pygtk_chart.label-module.aux'.

 (./pygtk_chart.label-module.tex [37


] [38] [39] [40] [41] [42] [43]
[44]
Overfull \hbox (4.67671pt too wide) in paragraph at lines 1255--1256
\OT1/cmr/m/n/12 con-nect[]object(), con-nect[]object[]after(), dis-con-nect(), 
dis-con-nect[]by[]func(), emit(),
 []


Overfull \hbox (22.99345pt too wide) in paragraph at lines 1255--1256
\OT1/cmr/m/n/12 han-dler[]block(), han-dler[]block[]by[]func(), han-dler[]disco
nnect(), han-dler[]is[]connected(),
 []


Overfull \hbox (46.50627pt too wide) in paragraph at lines 1255--1256
\OT1/cmr/m/n/12 han-dler[]unblock(), han-dler[]unblock[]by[]func(), no-tify(), 
props(), set[]data(), set[]properties(),
 []

[45]) [46]
\openout2 = `pygtk_chart.line_chart-module.aux'.

 (./pygtk_chart.line_chart-module.tex [47


] [48] [49] [50] [51]
[52]
Overfull \hbox (22.54958pt too wide) in paragraph at lines 930--931
[]\OT1/cmr/m/n/12 activate(), add[]accelerator(), add[]events(), add[]mnemonic[
]label(), can[]activate[]accel(),
 []


Overfull \hbox (27.88924pt too wide) in paragraph at lines 930--931
\OT1/cmr/m/n/12 child[]focus(), child[]notify(), class[]path(), cre-ate[]pango[
]context(), cre-ate[]pango[]layout(),
 []


Overfull \hbox (16.57018pt too wide) in paragraph at lines 930--931
\OT1/cmr/m/n/12 de-stroy(), do[]button[]press[]event(), do[]button[]release[]ev
ent(), do[]can[]activate[]accel(),
 []


Overfull \hbox (6.59584pt too wide) in paragraph at lines 930--931
\OT1/cmr/m/n/12 do[]client[]event(), do[]composited[]changed(), do[]configure[]
event(), do[]delete[]event(),
 []


Overfull \hbox (3.31892pt too wide) in paragraph at lines 930--931
\OT1/cmr/m/n/12 do[]destroy[]event(), do[]direction[]changed(), do[]drag[]begin
(), do[]drag[]data[]delete(),
 []


Overfull \hbox (50.1487pt too wide) in paragraph at lines 930--931
\OT1/cmr/m/n/12 do[]drag[]data[]get(), do[]drag[]data[]received(), do[]drag[]dr
op(), do[]drag[]end(), do[]drag[]leave(),
 []


Overfull \hbox (9.84663pt too wide) in paragraph at lines 930--931
\OT1/cmr/m/n/12 do[]drag[]motion(), do[]enter[]notify[]event(), do[]event(), do
[]expose[]event(), do[]focus(),
 []


Overfull \hbox (17.19682pt too wide) in paragraph at lines 930--931
\OT1/cmr/m/n/12 do[]focus[]in[]event(), do[]focus[]out[]event(), do[]get[]acces
sible(), do[]grab[]broken[]event(),
 []


Overfull \hbox (68.62212pt too wide) in paragraph at lines 930--931
\OT1/cmr/m/n/12 do[]key[]press[]event(), do[]key[]release[]event(), do[]leave[]
notify[]event(), do[]map(), do[]map[]event(),
 []


Overfull \hbox (36.66246pt too wide) in paragraph at lines 930--931
\OT1/cmr/m/n/12 do[]mnemonic[]activate(), do[]motion[]notify[]event(), do[]no[]
expose[]event(), do[]parent[]set(),
 []


Overfull \hbox (76.01149pt too wide) in paragraph at lines 930--931
\OT1/cmr/m/n/12 do[]popup[]menu(), do[]property[]notify[]event(), do[]proximity
[]in[]event(), do[]proximity[]out[]event(),
 []


Overfull \hbox (71.97737pt too wide) in paragraph at lines 930--931
\OT1/cmr/m/n/12 do[]realize(), do[]screen[]changed(), do[]scroll[]event(), do[]
selection[]clear[]event(), do[]selection[]get(),
 []


Overfull \hbox (45.03099pt too wide) in paragraph at lines 930--931
\OT1/cmr/m/n/12 do[]selection[]notify[]event(), do[]selection[]received(), do[]
selection[]request[]event(), do[]show(),
 []


Overfull \hbox (21.84456pt too wide) in paragraph at lines 930--931
\OT1/cmr/m/n/12 do[]show[]all(), do[]show[]help(), do[]size[]allocate(), do[]si
ze[]request(), do[]state[]changed(),
 []


Overfull \hbox (36.34914pt too wide) in paragraph at lines 930--931
\OT1/cmr/m/n/12 do[]style[]set(), do[]unmap(), do[]unmap[]event(), do[]unrealiz
e(), do[]visibility[]notify[]event(),
 []


Overfull \hbox (60.94554pt too wide) in paragraph at lines 930--931
\OT1/cmr/m/n/12 do[]window[]state[]event(), drag[]begin(), drag[]check[]thresho
ld(), drag[]dest[]add[]image[]targets(),
 []


Overfull \hbox (66.32436pt too wide) in paragraph at lines 930--931
\OT1/cmr/m/n/12 drag[]dest[]get[]target[]list(), drag[]dest[]get[]track[]motion
(), drag[]dest[]set(), drag[]dest[]set[]proxy(),
 []


Overfull \hbox (46.75429pt too wide) in paragraph at lines 930--931
\OT1/cmr/m/n/12 drag[]dest[]set[]target[]list(), drag[]dest[]set[]track[]motion
(), drag[]dest[]unset(), drag[]get[]data(),
 []


Overfull \hbox (93.47963pt too wide) in paragraph at lines 930--931
\OT1/cmr/m/n/12 drag[]source[]add[]uri[]targets(), drag[]source[]get[]target[]l
ist(), drag[]source[]set(), drag[]source[]set[]icon(),
 []


Overfull \hbox (31.15306pt too wide) in paragraph at lines 930--931
\OT1/cmr/m/n/12 drag[]source[]set[]icon[]name(), drag[]source[]set[]icon[]pixbu
f(), drag[]source[]set[]icon[]stock(),
 []


Overfull \hbox (7.96666pt too wide) in paragraph at lines 930--931
\OT1/cmr/m/n/12 drag[]source[]set[]target[]list(), drag[]source[]unset(), drag[
]unhighlight(), en-sure[]style(),
 []


Overfull \hbox (49.69179pt too wide) in paragraph at lines 930--931
\OT1/cmr/m/n/12 er-ror[]bell(), event(), freeze[]child[]notify(), get[]accessib
le(), get[]action(), get[]activate[]signal(),
 []


Overfull \hbox (37.35442pt too wide) in paragraph at lines 930--931
\OT1/cmr/m/n/12 get[]allocation(), get[]ancestor(), get[]child[]requisition(), 
get[]child[]visible(), get[]clipboard(),
 []


Overfull \hbox (48.5429pt too wide) in paragraph at lines 930--931
\OT1/cmr/m/n/12 get[]extension[]events(), get[]has[]tooltip(), get[]modifier[]s
tyle(), get[]name(), get[]no[]show[]all(),
 []


Overfull \hbox (35.83998pt too wide) in paragraph at lines 930--931
\OT1/cmr/m/n/12 get[]pango[]context(), get[]parent(), get[]parent[]window(), ge
t[]pointer(), get[]root[]window(),
 []


Overfull \hbox (65.34523pt too wide) in paragraph at lines 930--931
\OT1/cmr/m/n/12 get[]screen(), get[]settings(), get[]size[]request(), get[]snap
shot(), get[]style(), get[]tooltip[]markup(),
 []


Overfull \hbox (21.8968pt too wide) in paragraph at lines 930--931
\OT1/cmr/m/n/12 grab[]add(), grab[]default(), grab[]focus(), grab[]remove(), ha
s[]screen(), hide(), hide[]all(),
 []


Overfull \hbox (32.06697pt too wide) in paragraph at lines 930--931
\OT1/cmr/m/n/12 hide[]on[]delete(), in-put[]shape[]combine[]mask(), in-ter-sect
(), is[]ancestor(), is[]composited(),
 []


Overfull \hbox (27.94145pt too wide) in paragraph at lines 930--931
\OT1/cmr/m/n/12 is[]focus(), key-nav[]failed(), list[]mnemonic[]labels(), map()
, menu[]get[]for[]attach[]widget(),
 []


Overfull \hbox (18.24129pt too wide) in paragraph at lines 930--931
\OT1/cmr/m/n/12 mod-ify[]font(), mod-ify[]style(), mod-ify[]text(), path(), que
ue[]clear(), queue[]clear[]area(),
 []


Overfull \hbox (35.0436pt too wide) in paragraph at lines 930--931
\OT1/cmr/m/n/12 queue[]draw(), queue[]draw[]area(), queue[]resize(), queue[]res
ize[]no[]redraw(), rc[]get[]style(),
 []


Overfull \hbox (29.45589pt too wide) in paragraph at lines 930--931
\OT1/cmr/m/n/12 lec-tion[]add[]targets(), se-lec-tion[]clear[]targets(), se-lec
-tion[]convert(), se-lec-tion[]owner[]set(),
 []


Overfull \hbox (68.59602pt too wide) in paragraph at lines 930--931
\OT1/cmr/m/n/12 se-lec-tion[]remove[]all(), send[]expose(), set[]accel[]path(),
 set[]activate[]signal(), set[]app[]paintable(),
 []


Overfull \hbox (62.73415pt too wide) in paragraph at lines 930--931
\OT1/cmr/m/n/12 set[]child[]visible(), set[]colormap(), set[]composite[]name(),
 set[]direction(), set[]double[]buffered(),
 []


Overfull \hbox (4.16753pt too wide) in paragraph at lines 930--931
\OT1/cmr/m/n/12 set[]events(), set[]extension[]events(), set[]has[]tooltip(), s
et[]name(), set[]no[]show[]all(),
 []


Overfull \hbox (10.57774pt too wide) in paragraph at lines 930--931
\OT1/cmr/m/n/12 set[]parent(), set[]parent[]window(), set[]redraw[]on[]allocate
(), set[]scroll[]adjustments(),
 []


Overfull \hbox (43.72545pt too wide) in paragraph at lines 930--931
\OT1/cmr/m/n/12 set[]sensitive(), set[]set[]scroll[]adjustments[]signal(), set[
]size[]request(), set[]state(), set[]style(),
 []


Overfull \hbox (33.68584pt too wide) in paragraph at lines 930--931
\OT1/cmr/m/n/12 set[]tooltip[]markup(), set[]tooltip[]text(), set[]tooltip[]win
dow(), set[]uposition(), set[]usize(),
 []


Overfull \hbox (13.80244pt too wide) in paragraph at lines 930--931
\OT1/cmr/m/n/12 shape[]combine[]mask(), show(), show[]all(), show[]now(), size[
]allocate(), size[]request(),
 []


Overfull \hbox (31.54475pt too wide) in paragraph at lines 930--931
\OT1/cmr/m/n/12 style[]get[]property(), thaw[]child[]notify(), trans-late[]coor
dinates(), trig-ger[]tooltip[]query(),
 []

[53]
Overfull \hbox (4.67671pt too wide) in paragraph at lines 942--943
\OT1/cmr/m/n/12 con-nect[]object(), con-nect[]object[]after(), dis-con-nect(), 
dis-con-nect[]by[]func(), emit(),
 []


Overfull \hbox (22.99345pt too wide) in paragraph at lines 942--943
\OT1/cmr/m/n/12 han-dler[]block(), han-dler[]block[]by[]func(), han-dler[]disco
nnect(), han-dler[]is[]connected(),
 []


Overfull \hbox (46.50627pt too wide) in paragraph at lines 942--943
\OT1/cmr/m/n/12 han-dler[]unblock(), han-dler[]unblock[]by[]func(), no-tify(), 
props(), set[]data(), set[]properties(),
 []

[54]
Overfull \hbox (39.8741pt too wide) in paragraph at lines 954--955
[]\OT1/cmr/m/n/12 add[]child(), con-struct[]child(), do[]add[]child(), do[]cons
truct[]child(), do[]get[]internal[]child(),
 []


Overfull \hbox (33.69553pt too wide) in paragraph at lines 999--1000
\OMS/cmtt/m/n/12 f\OT1/cmtt/m/n/12 "datapoint-clicked":(gobject.SIGNAL[]RUN[]LA
ST, 
 []

[55] [56] [57]
Overfull \hbox (4.67671pt too wide) in paragraph at lines 1528--1529
\OT1/cmr/m/n/12 con-nect[]object(), con-nect[]object[]after(), dis-con-nect(), 
dis-con-nect[]by[]func(), emit(),
 []


Overfull \hbox (22.99345pt too wide) in paragraph at lines 1528--1529
\OT1/cmr/m/n/12 han-dler[]block(), han-dler[]block[]by[]func(), han-dler[]disco
nnect(), han-dler[]is[]connected(),
 []


Overfull \hbox (46.50627pt too wide) in paragraph at lines 1528--1529
\OT1/cmr/m/n/12 han-dler[]unblock(), han-dler[]unblock[]by[]func(), no-tify(), 
props(), set[]data(), set[]properties(),
 []

[58] [59]
Overfull \hbox (0.19868pt too wide) in paragraph at lines 1707--1708
\OT1/cmr/m/n/12 set[]label(), set[]logarithmic(), set[]position(), set[]show[]l
abel(), set[]show[]tic[]labels(),
 []


Overfull \hbox (4.67671pt too wide) in paragraph at lines 1719--1720
\OT1/cmr/m/n/12 con-nect[]object(), con-nect[]object[]after(), dis-con-nect(), 
dis-con-nect[]by[]func(), emit(),
 []


Overfull \hbox (22.99345pt too wide) in paragraph at lines 1719--1720
\OT1/cmr/m/n/12 han-dler[]block(), han-dler[]block[]by[]func(), han-dler[]disco
nnect(), han-dler[]is[]connected(),
 []


Overfull \hbox (46.50627pt too wide) in paragraph at lines 1719--1720
\OT1/cmr/m/n/12 han-dler[]unblock(), han-dler[]unblock[]by[]func(), no-tify(), 
props(), set[]data(), set[]properties(),
 []

[60] [61]
Overfull \hbox (0.19868pt too wide) in paragraph at lines 1895--1896
\OT1/cmr/m/n/12 set[]label(), set[]logarithmic(), set[]position(), set[]show[]l
abel(), set[]show[]tic[]labels(),
 []


Overfull \hbox (4.67671pt too wide) in paragraph at lines 1907--1908
\OT1/cmr/m/n/12 con-nect[]object(), con-nect[]object[]after(), dis-con-nect(), 
dis-con-nect[]by[]func(), emit(),
 []


Overfull \hbox (22.99345pt too wide) in paragraph at lines 1907--1908
\OT1/cmr/m/n/12 han-dler[]block(), han-dler[]block[]by[]func(), han-dler[]disco
nnect(), han-dler[]is[]connected(),
 []


Overfull \hbox (46.50627pt too wide) in paragraph at lines 1907--1908
\OT1/cmr/m/n/12 han-dler[]unblock(), han-dler[]unblock[]by[]func(), no-tify(), 
props(), set[]data(), set[]properties(),
 []

[62] [63] [64] [65]
Overfull \hbox (4.67671pt too wide) in paragraph at lines 2406--2407
\OT1/cmr/m/n/12 con-nect[]object(), con-nect[]object[]after(), dis-con-nect(), 
dis-con-nect[]by[]func(), emit(),
 []


Overfull \hbox (22.99345pt too wide) in paragraph at lines 2406--2407
\OT1/cmr/m/n/12 han-dler[]block(), han-dler[]block[]by[]func(), han-dler[]disco
nnect(), han-dler[]is[]connected(),
 []


Overfull \hbox (46.50627pt too wide) in paragraph at lines 2406--2407
\OT1/cmr/m/n/12 han-dler[]unblock(), han-dler[]unblock[]by[]func(), no-tify(), 
props(), set[]data(), set[]properties(),
 []


Overfull \hbox (4.54951pt too wide) in paragraph at lines 2448--2449
\OMS/cmtt/m/n/12 f\OT1/cmtt/m/n/12 "show-horizontal":(gobject.TYPE[]BOOLEAN, 
 []

[66] [67] [68] [69] [70] [71] [72] [73] [74]
Overfull \hbox (4.67671pt too wide) in paragraph at lines 3687--3688
\OT1/cmr/m/n/12 con-nect[]object(), con-nect[]object[]after(), dis-con-nect(), 
dis-con-nect[]by[]func(), emit(),
 []


Overfull \hbox (19.01155pt too wide) in paragraph at lines 3687--3688
\OT1/cmr/m/n/12 emit[]stop[]by[]name(), freeze[]notify(), get[]properties(), ge
t[]property(), han-dler[]block(),
 []


Overfull \hbox (35.72249pt too wide) in paragraph at lines 3687--3688
\OT1/cmr/m/n/12 han-dler[]block[]by[]func(), han-dler[]disconnect(), han-dler[]
is[]connected(), han-dler[]unblock(),
 []


Overfull \hbox (26.66203pt too wide) in paragraph at lines 3687--3688
\OT1/cmr/m/n/12 han-dler[]unblock[]by[]func(), no-tify(), props(), set[]data(),
 set[]properties(), set[]property(),
 []

[75] [76]
Overfull \hbox (4.67671pt too wide) in paragraph at lines 3929--3930
\OT1/cmr/m/n/12 con-nect[]object(), con-nect[]object[]after(), dis-con-nect(), 
dis-con-nect[]by[]func(), emit(),
 []


Overfull \hbox (22.99345pt too wide) in paragraph at lines 3929--3930
\OT1/cmr/m/n/12 han-dler[]block(), han-dler[]block[]by[]func(), han-dler[]disco
nnect(), han-dler[]is[]connected(),
 []


Overfull \hbox (46.50627pt too wide) in paragraph at lines 3929--3930
\OT1/cmr/m/n/12 han-dler[]unblock(), han-dler[]unblock[]by[]func(), no-tify(), 
props(), set[]data(), set[]properties(),
 []

[77]) [78]
\openout2 = `pygtk_chart.multi_bar_chart-module.aux'.

 (./pygtk_chart.multi_bar_chart-module.tex
Overfull \hbox (113.40454pt too wide) in paragraph at lines 43--44
\OT1/cmtt/m/n/12 gdk[]color[]list[]from[]file(os.sep.join([os.path.dirname([][]
f...|  
 []

[79


]
Overfull \hbox (0.68175pt too wide) in paragraph at lines 183--184
[]\OT1/cmr/m/n/12 get[]color(), get[]highlighted(), get[]label(), get[]value(),
 set[]color(), set[]highlighted(),
 []


Overfull \hbox (4.67671pt too wide) in paragraph at lines 195--196
\OT1/cmr/m/n/12 con-nect[]object(), con-nect[]object[]after(), dis-con-nect(), 
dis-con-nect[]by[]func(), emit(),
 []


Overfull \hbox (22.99345pt too wide) in paragraph at lines 195--196
\OT1/cmr/m/n/12 han-dler[]block(), han-dler[]block[]by[]func(), han-dler[]disco
nnect(), han-dler[]is[]connected(),
 []


Overfull \hbox (46.50627pt too wide) in paragraph at lines 195--196
\OT1/cmr/m/n/12 han-dler[]unblock(), han-dler[]unblock[]by[]func(), no-tify(), 
props(), set[]data(), set[]properties(),
 []

[80] [81] [82] [83]
Overfull \hbox (4.67671pt too wide) in paragraph at lines 692--693
\OT1/cmr/m/n/12 con-nect[]object(), con-nect[]object[]after(), dis-con-nect(), 
dis-con-nect[]by[]func(), emit(),
 []


Overfull \hbox (22.99345pt too wide) in paragraph at lines 692--693
\OT1/cmr/m/n/12 han-dler[]block(), han-dler[]block[]by[]func(), han-dler[]disco
nnect(), han-dler[]is[]connected(),
 []


Overfull \hbox (46.50627pt too wide) in paragraph at lines 692--693
\OT1/cmr/m/n/12 han-dler[]unblock(), han-dler[]unblock[]by[]func(), no-tify(), 
props(), set[]data(), set[]properties(),
 []


Overfull \hbox (37.33801pt too wide) in paragraph at lines 755--951
[] 
 []

[84]
Overfull \hbox (0.89131pt too wide) in paragraph at lines 952--955
[]\OT1/cmr/m/n/12 The Multi-Bar-Chart wid-get dis-plays groups of bars. Us-age:
 cre-ate multi[]bar[]chart.BarGroups
 []

[85] [86]
Overfull \hbox (31.5317pt too wide) in paragraph at lines 1300--1301
[]\OT1/cmr/m/n/12 draw[]basics(), get[]bar[]padding(), get[]draw[]labels(), get
[]enable[]mouseover(), get[]mode(),
 []

[87]
Overfull \hbox (22.54958pt too wide) in paragraph at lines 1318--1319
[]\OT1/cmr/m/n/12 activate(), add[]accelerator(), add[]events(), add[]mnemonic[
]label(), can[]activate[]accel(),
 []


Overfull \hbox (27.88924pt too wide) in paragraph at lines 1318--1319
\OT1/cmr/m/n/12 child[]focus(), child[]notify(), class[]path(), cre-ate[]pango[
]context(), cre-ate[]pango[]layout(),
 []


Overfull \hbox (16.57018pt too wide) in paragraph at lines 1318--1319
\OT1/cmr/m/n/12 de-stroy(), do[]button[]press[]event(), do[]button[]release[]ev
ent(), do[]can[]activate[]accel(),
 []


Overfull \hbox (6.59584pt too wide) in paragraph at lines 1318--1319
\OT1/cmr/m/n/12 do[]client[]event(), do[]composited[]changed(), do[]configure[]
event(), do[]delete[]event(),
 []


Overfull \hbox (3.31892pt too wide) in paragraph at lines 1318--1319
\OT1/cmr/m/n/12 do[]destroy[]event(), do[]direction[]changed(), do[]drag[]begin
(), do[]drag[]data[]delete(),
 []


Overfull \hbox (50.1487pt too wide) in paragraph at lines 1318--1319
\OT1/cmr/m/n/12 do[]drag[]data[]get(), do[]drag[]data[]received(), do[]drag[]dr
op(), do[]drag[]end(), do[]drag[]leave(),
 []


Overfull \hbox (9.84663pt too wide) in paragraph at lines 1318--1319
\OT1/cmr/m/n/12 do[]drag[]motion(), do[]enter[]notify[]event(), do[]event(), do
[]expose[]event(), do[]focus(),
 []


Overfull \hbox (17.19682pt too wide) in paragraph at lines 1318--1319
\OT1/cmr/m/n/12 do[]focus[]in[]event(), do[]focus[]out[]event(), do[]get[]acces
sible(), do[]grab[]broken[]event(),
 []


Overfull \hbox (68.62212pt too wide) in paragraph at lines 1318--1319
\OT1/cmr/m/n/12 do[]key[]press[]event(), do[]key[]release[]event(), do[]leave[]
notify[]event(), do[]map(), do[]map[]event(),
 []


Overfull \hbox (36.66246pt too wide) in paragraph at lines 1318--1319
\OT1/cmr/m/n/12 do[]mnemonic[]activate(), do[]motion[]notify[]event(), do[]no[]
expose[]event(), do[]parent[]set(),
 []


Overfull \hbox (76.01149pt too wide) in paragraph at lines 1318--1319
\OT1/cmr/m/n/12 do[]popup[]menu(), do[]property[]notify[]event(), do[]proximity
[]in[]event(), do[]proximity[]out[]event(),
 []


Overfull \hbox (71.97737pt too wide) in paragraph at lines 1318--1319
\OT1/cmr/m/n/12 do[]realize(), do[]screen[]changed(), do[]scroll[]event(), do[]
selection[]clear[]event(), do[]selection[]get(),
 []


Overfull \hbox (45.03099pt too wide) in paragraph at lines 1318--1319
\OT1/cmr/m/n/12 do[]selection[]notify[]event(), do[]selection[]received(), do[]
selection[]request[]event(), do[]show(),
 []


Overfull \hbox (21.84456pt too wide) in paragraph at lines 1318--1319
\OT1/cmr/m/n/12 do[]show[]all(), do[]show[]help(), do[]size[]allocate(), do[]si
ze[]request(), do[]state[]changed(),
 []


Overfull \hbox (36.34914pt too wide) in paragraph at lines 1318--1319
\OT1/cmr/m/n/12 do[]style[]set(), do[]unmap(), do[]unmap[]event(), do[]unrealiz
e(), do[]visibility[]notify[]event(),
 []


Overfull \hbox (60.94554pt too wide) in paragraph at lines 1318--1319
\OT1/cmr/m/n/12 do[]window[]state[]event(), drag[]begin(), drag[]check[]thresho
ld(), drag[]dest[]add[]image[]targets(),
 []


Overfull \hbox (66.32436pt too wide) in paragraph at lines 1318--1319
\OT1/cmr/m/n/12 drag[]dest[]get[]target[]list(), drag[]dest[]get[]track[]motion
(), drag[]dest[]set(), drag[]dest[]set[]proxy(),
 []


Overfull \hbox (46.75429pt too wide) in paragraph at lines 1318--1319
\OT1/cmr/m/n/12 drag[]dest[]set[]target[]list(), drag[]dest[]set[]track[]motion
(), drag[]dest[]unset(), drag[]get[]data(),
 []


Overfull \hbox (93.47963pt too wide) in paragraph at lines 1318--1319
\OT1/cmr/m/n/12 drag[]source[]add[]uri[]targets(), drag[]source[]get[]target[]l
ist(), drag[]source[]set(), drag[]source[]set[]icon(),
 []


Overfull \hbox (31.15306pt too wide) in paragraph at lines 1318--1319
\OT1/cmr/m/n/12 drag[]source[]set[]icon[]name(), drag[]source[]set[]icon[]pixbu
f(), drag[]source[]set[]icon[]stock(),
 []


Overfull \hbox (7.96666pt too wide) in paragraph at lines 1318--1319
\OT1/cmr/m/n/12 drag[]source[]set[]target[]list(), drag[]source[]unset(), drag[
]unhighlight(), en-sure[]style(),
 []


Overfull \hbox (49.69179pt too wide) in paragraph at lines 1318--1319
\OT1/cmr/m/n/12 er-ror[]bell(), event(), freeze[]child[]notify(), get[]accessib
le(), get[]action(), get[]activate[]signal(),
 []


Overfull \hbox (37.35442pt too wide) in paragraph at lines 1318--1319
\OT1/cmr/m/n/12 get[]allocation(), get[]ancestor(), get[]child[]requisition(), 
get[]child[]visible(), get[]clipboard(),
 []


Overfull \hbox (48.5429pt too wide) in paragraph at lines 1318--1319
\OT1/cmr/m/n/12 get[]extension[]events(), get[]has[]tooltip(), get[]modifier[]s
tyle(), get[]name(), get[]no[]show[]all(),
 []


Overfull \hbox (35.83998pt too wide) in paragraph at lines 1318--1319
\OT1/cmr/m/n/12 get[]pango[]context(), get[]parent(), get[]parent[]window(), ge
t[]pointer(), get[]root[]window(),
 []


Overfull \hbox (65.34523pt too wide) in paragraph at lines 1318--1319
\OT1/cmr/m/n/12 get[]screen(), get[]settings(), get[]size[]request(), get[]snap
shot(), get[]style(), get[]tooltip[]markup(),
 []


Overfull \hbox (21.8968pt too wide) in paragraph at lines 1318--1319
\OT1/cmr/m/n/12 grab[]add(), grab[]default(), grab[]focus(), grab[]remove(), ha
s[]screen(), hide(), hide[]all(),
 []


Overfull \hbox (32.06697pt too wide) in paragraph at lines 1318--1319
\OT1/cmr/m/n/12 hide[]on[]delete(), in-put[]shape[]combine[]mask(), in-ter-sect
(), is[]ancestor(), is[]composited(),
 []


Overfull \hbox (27.94145pt too wide) in paragraph at lines 1318--1319
\OT1/cmr/m/n/12 is[]focus(), key-nav[]failed(), list[]mnemonic[]labels(), map()
, menu[]get[]for[]attach[]widget(),
 []


Overfull \hbox (18.24129pt too wide) in paragraph at lines 1318--1319
\OT1/cmr/m/n/12 mod-ify[]font(), mod-ify[]style(), mod-ify[]text(), path(), que
ue[]clear(), queue[]clear[]area(),
 []


Overfull \hbox (35.0436pt too wide) in paragraph at lines 1318--1319
\OT1/cmr/m/n/12 queue[]draw(), queue[]draw[]area(), queue[]resize(), queue[]res
ize[]no[]redraw(), rc[]get[]style(),
 []


Overfull \hbox (29.45589pt too wide) in paragraph at lines 1318--1319
\OT1/cmr/m/n/12 lec-tion[]add[]targets(), se-lec-tion[]clear[]targets(), se-lec
-tion[]convert(), se-lec-tion[]owner[]set(),
 []


Overfull \hbox (68.59602pt too wide) in paragraph at lines 1318--1319
\OT1/cmr/m/n/12 se-lec-tion[]remove[]all(), send[]expose(), set[]accel[]path(),
 set[]activate[]signal(), set[]app[]paintable(),
 []


Overfull \hbox (62.73415pt too wide) in paragraph at lines 1318--1319
\OT1/cmr/m/n/12 set[]child[]visible(), set[]colormap(), set[]composite[]name(),
 set[]direction(), set[]double[]buffered(),
 []


Overfull \hbox (4.16753pt too wide) in paragraph at lines 1318--1319
\OT1/cmr/m/n/12 set[]events(), set[]extension[]events(), set[]has[]tooltip(), s
et[]name(), set[]no[]show[]all(),
 []


Overfull \hbox (10.57774pt too wide) in paragraph at lines 1318--1319
\OT1/cmr/m/n/12 set[]parent(), set[]parent[]window(), set[]redraw[]on[]allocate
(), set[]scroll[]adjustments(),
 []


Overfull \hbox (43.72545pt too wide) in paragraph at lines 1318--1319
\OT1/cmr/m/n/12 set[]sensitive(), set[]set[]scroll[]adjustments[]signal(), set[
]size[]request(), set[]state(), set[]style(),
 []


Overfull \hbox (33.68584pt too wide) in paragraph at lines 1318--1319
\OT1/cmr/m/n/12 set[]tooltip[]markup(), set[]tooltip[]text(), set[]tooltip[]win
dow(), set[]uposition(), set[]usize(),
 []


Overfull \hbox (13.80244pt too wide) in paragraph at lines 1318--1319
\OT1/cmr/m/n/12 shape[]combine[]mask(), show(), show[]all(), show[]now(), size[
]allocate(), size[]request(),
 []


Overfull \hbox (31.54475pt too wide) in paragraph at lines 1318--1319
\OT1/cmr/m/n/12 style[]get[]property(), thaw[]child[]notify(), trans-late[]coor
dinates(), trig-ger[]tooltip[]query(),
 []

[88]
Overfull \hbox (4.67671pt too wide) in paragraph at lines 1330--1331
\OT1/cmr/m/n/12 con-nect[]object(), con-nect[]object[]after(), dis-con-nect(), 
dis-con-nect[]by[]func(), emit(),
 []


Overfull \hbox (22.99345pt too wide) in paragraph at lines 1330--1331
\OT1/cmr/m/n/12 han-dler[]block(), han-dler[]block[]by[]func(), han-dler[]disco
nnect(), han-dler[]is[]connected(),
 []


Overfull \hbox (46.50627pt too wide) in paragraph at lines 1330--1331
\OT1/cmr/m/n/12 han-dler[]unblock(), han-dler[]unblock[]by[]func(), no-tify(), 
props(), set[]data(), set[]properties(),
 []


Overfull \hbox (39.8741pt too wide) in paragraph at lines 1342--1343
[]\OT1/cmr/m/n/12 add[]child(), con-struct[]child(), do[]add[]child(), do[]cons
truct[]child(), do[]get[]internal[]child(),
 []

[89]
Overfull \hbox (8.99551pt too wide) in paragraph at lines 1387--1388
\OMS/cmtt/m/n/12 f\OT1/cmtt/m/n/12 "group-clicked":(gobject.SIGNAL[]RUN[]LAST, 

 []


Overfull \hbox (1.2665pt too wide) in paragraph at lines 1393--1394
\OT1/cmtt/m/n/12 pygtk[]chart+multi[]bar[]chart+MultiBarChart 
 []

) [90]
\openout2 = `pygtk_chart.pie_chart-module.aux'.

 (./pygtk_chart.pie_chart-module.tex
Overfull \hbox (41.38853pt too wide) in paragraph at lines 130--131
[]\OT1/cmr/m/n/12 do[]get[]property(), do[]set[]property(), get[]color(), get[]
highlighted(), get[]label(), get[]value(),
 []

[91


]
Overfull \hbox (4.67671pt too wide) in paragraph at lines 142--143
\OT1/cmr/m/n/12 con-nect[]object(), con-nect[]object[]after(), dis-con-nect(), 
dis-con-nect[]by[]func(), emit(),
 []


Overfull \hbox (22.99345pt too wide) in paragraph at lines 142--143
\OT1/cmr/m/n/12 han-dler[]block(), han-dler[]block[]by[]func(), han-dler[]disco
nnect(), han-dler[]is[]connected(),
 []


Overfull \hbox (46.50627pt too wide) in paragraph at lines 142--143
\OT1/cmr/m/n/12 han-dler[]unblock(), han-dler[]unblock[]by[]func(), no-tify(), 
props(), set[]data(), set[]properties(),
 []

[92] [93] [94] [95] [96]
Overfull \hbox (22.54958pt too wide) in paragraph at lines 973--974
[]\OT1/cmr/m/n/12 activate(), add[]accelerator(), add[]events(), add[]mnemonic[
]label(), can[]activate[]accel(),
 []


Overfull \hbox (27.88924pt too wide) in paragraph at lines 973--974
\OT1/cmr/m/n/12 child[]focus(), child[]notify(), class[]path(), cre-ate[]pango[
]context(), cre-ate[]pango[]layout(),
 []


Overfull \hbox (16.57018pt too wide) in paragraph at lines 973--974
\OT1/cmr/m/n/12 de-stroy(), do[]button[]press[]event(), do[]button[]release[]ev
ent(), do[]can[]activate[]accel(),
 []


Overfull \hbox (6.59584pt too wide) in paragraph at lines 973--974
\OT1/cmr/m/n/12 do[]client[]event(), do[]composited[]changed(), do[]configure[]
event(), do[]delete[]event(),
 []


Overfull \hbox (3.31892pt too wide) in paragraph at lines 973--974
\OT1/cmr/m/n/12 do[]destroy[]event(), do[]direction[]changed(), do[]drag[]begin
(), do[]drag[]data[]delete(),
 []


Overfull \hbox (50.1487pt too wide) in paragraph at lines 973--974
\OT1/cmr/m/n/12 do[]drag[]data[]get(), do[]drag[]data[]received(), do[]drag[]dr
op(), do[]drag[]end(), do[]drag[]leave(),
 []


Overfull \hbox (9.84663pt too wide) in paragraph at lines 973--974
\OT1/cmr/m/n/12 do[]drag[]motion(), do[]enter[]notify[]event(), do[]event(), do
[]expose[]event(), do[]focus(),
 []


Overfull \hbox (17.19682pt too wide) in paragraph at lines 973--974
\OT1/cmr/m/n/12 do[]focus[]in[]event(), do[]focus[]out[]event(), do[]get[]acces
sible(), do[]grab[]broken[]event(),
 []


Overfull \hbox (68.62212pt too wide) in paragraph at lines 973--974
\OT1/cmr/m/n/12 do[]key[]press[]event(), do[]key[]release[]event(), do[]leave[]
notify[]event(), do[]map(), do[]map[]event(),
 []


Overfull \hbox (36.66246pt too wide) in paragraph at lines 973--974
\OT1/cmr/m/n/12 do[]mnemonic[]activate(), do[]motion[]notify[]event(), do[]no[]
expose[]event(), do[]parent[]set(),
 []


Overfull \hbox (76.01149pt too wide) in paragraph at lines 973--974
\OT1/cmr/m/n/12 do[]popup[]menu(), do[]property[]notify[]event(), do[]proximity
[]in[]event(), do[]proximity[]out[]event(),
 []


Overfull \hbox (71.97737pt too wide) in paragraph at lines 973--974
\OT1/cmr/m/n/12 do[]realize(), do[]screen[]changed(), do[]scroll[]event(), do[]
selection[]clear[]event(), do[]selection[]get(),
 []


Overfull \hbox (45.03099pt too wide) in paragraph at lines 973--974
\OT1/cmr/m/n/12 do[]selection[]notify[]event(), do[]selection[]received(), do[]
selection[]request[]event(), do[]show(),
 []


Overfull \hbox (21.84456pt too wide) in paragraph at lines 973--974
\OT1/cmr/m/n/12 do[]show[]all(), do[]show[]help(), do[]size[]allocate(), do[]si
ze[]request(), do[]state[]changed(),
 []


Overfull \hbox (36.34914pt too wide) in paragraph at lines 973--974
\OT1/cmr/m/n/12 do[]style[]set(), do[]unmap(), do[]unmap[]event(), do[]unrealiz
e(), do[]visibility[]notify[]event(),
 []


Overfull \hbox (60.94554pt too wide) in paragraph at lines 973--974
\OT1/cmr/m/n/12 do[]window[]state[]event(), drag[]begin(), drag[]check[]thresho
ld(), drag[]dest[]add[]image[]targets(),
 []


Overfull \hbox (66.32436pt too wide) in paragraph at lines 973--974
\OT1/cmr/m/n/12 drag[]dest[]get[]target[]list(), drag[]dest[]get[]track[]motion
(), drag[]dest[]set(), drag[]dest[]set[]proxy(),
 []


Overfull \hbox (46.75429pt too wide) in paragraph at lines 973--974
\OT1/cmr/m/n/12 drag[]dest[]set[]target[]list(), drag[]dest[]set[]track[]motion
(), drag[]dest[]unset(), drag[]get[]data(),
 []


Overfull \hbox (93.47963pt too wide) in paragraph at lines 973--974
\OT1/cmr/m/n/12 drag[]source[]add[]uri[]targets(), drag[]source[]get[]target[]l
ist(), drag[]source[]set(), drag[]source[]set[]icon(),
 []


Overfull \hbox (31.15306pt too wide) in paragraph at lines 973--974
\OT1/cmr/m/n/12 drag[]source[]set[]icon[]name(), drag[]source[]set[]icon[]pixbu
f(), drag[]source[]set[]icon[]stock(),
 []


Overfull \hbox (7.96666pt too wide) in paragraph at lines 973--974
\OT1/cmr/m/n/12 drag[]source[]set[]target[]list(), drag[]source[]unset(), drag[
]unhighlight(), en-sure[]style(),
 []


Overfull \hbox (49.69179pt too wide) in paragraph at lines 973--974
\OT1/cmr/m/n/12 er-ror[]bell(), event(), freeze[]child[]notify(), get[]accessib
le(), get[]action(), get[]activate[]signal(),
 []


Overfull \hbox (37.35442pt too wide) in paragraph at lines 973--974
\OT1/cmr/m/n/12 get[]allocation(), get[]ancestor(), get[]child[]requisition(), 
get[]child[]visible(), get[]clipboard(),
 []


Overfull \hbox (48.5429pt too wide) in paragraph at lines 973--974
\OT1/cmr/m/n/12 get[]extension[]events(), get[]has[]tooltip(), get[]modifier[]s
tyle(), get[]name(), get[]no[]show[]all(),
 []


Overfull \hbox (35.83998pt too wide) in paragraph at lines 973--974
\OT1/cmr/m/n/12 get[]pango[]context(), get[]parent(), get[]parent[]window(), ge
t[]pointer(), get[]root[]window(),
 []


Overfull \hbox (65.34523pt too wide) in paragraph at lines 973--974
\OT1/cmr/m/n/12 get[]screen(), get[]settings(), get[]size[]request(), get[]snap
shot(), get[]style(), get[]tooltip[]markup(),
 []


Overfull \hbox (21.8968pt too wide) in paragraph at lines 973--974
\OT1/cmr/m/n/12 grab[]add(), grab[]default(), grab[]focus(), grab[]remove(), ha
s[]screen(), hide(), hide[]all(),
 []


Overfull \hbox (32.06697pt too wide) in paragraph at lines 973--974
\OT1/cmr/m/n/12 hide[]on[]delete(), in-put[]shape[]combine[]mask(), in-ter-sect
(), is[]ancestor(), is[]composited(),
 []


Overfull \hbox (27.94145pt too wide) in paragraph at lines 973--974
\OT1/cmr/m/n/12 is[]focus(), key-nav[]failed(), list[]mnemonic[]labels(), map()
, menu[]get[]for[]attach[]widget(),
 []


Overfull \hbox (18.24129pt too wide) in paragraph at lines 973--974
\OT1/cmr/m/n/12 mod-ify[]font(), mod-ify[]style(), mod-ify[]text(), path(), que
ue[]clear(), queue[]clear[]area(),
 []


Overfull \hbox (35.0436pt too wide) in paragraph at lines 973--974
\OT1/cmr/m/n/12 queue[]draw(), queue[]draw[]area(), queue[]resize(), queue[]res
ize[]no[]redraw(), rc[]get[]style(),
 []


Overfull \hbox (29.45589pt too wide) in paragraph at lines 973--974
\OT1/cmr/m/n/12 lec-tion[]add[]targets(), se-lec-tion[]clear[]targets(), se-lec
-tion[]convert(), se-lec-tion[]owner[]set(),
 []


Overfull \hbox (68.59602pt too wide) in paragraph at lines 973--974
\OT1/cmr/m/n/12 se-lec-tion[]remove[]all(), send[]expose(), set[]accel[]path(),
 set[]activate[]signal(), set[]app[]paintable(),
 []


Overfull \hbox (62.73415pt too wide) in paragraph at lines 973--974
\OT1/cmr/m/n/12 set[]child[]visible(), set[]colormap(), set[]composite[]name(),
 set[]direction(), set[]double[]buffered(),
 []


Overfull \hbox (4.16753pt too wide) in paragraph at lines 973--974
\OT1/cmr/m/n/12 set[]events(), set[]extension[]events(), set[]has[]tooltip(), s
et[]name(), set[]no[]show[]all(),
 []


Overfull \hbox (10.57774pt too wide) in paragraph at lines 973--974
\OT1/cmr/m/n/12 set[]parent(), set[]parent[]window(), set[]redraw[]on[]allocate
(), set[]scroll[]adjustments(),
 []


Overfull \hbox (43.72545pt too wide) in paragraph at lines 973--974
\OT1/cmr/m/n/12 set[]sensitive(), set[]set[]scroll[]adjustments[]signal(), set[
]size[]request(), set[]state(), set[]style(),
 []


Overfull \hbox (33.68584pt too wide) in paragraph at lines 973--974
\OT1/cmr/m/n/12 set[]tooltip[]markup(), set[]tooltip[]text(), set[]tooltip[]win
dow(), set[]uposition(), set[]usize(),
 []


Overfull \hbox (13.80244pt too wide) in paragraph at lines 973--974
\OT1/cmr/m/n/12 shape[]combine[]mask(), show(), show[]all(), show[]now(), size[
]allocate(), size[]request(),
 []


Overfull \hbox (31.54475pt too wide) in paragraph at lines 973--974
\OT1/cmr/m/n/12 style[]get[]property(), thaw[]child[]notify(), trans-late[]coor
dinates(), trig-ger[]tooltip[]query(),
 []

[97]
Overfull \hbox (4.67671pt too wide) in paragraph at lines 985--986
\OT1/cmr/m/n/12 con-nect[]object(), con-nect[]object[]after(), dis-con-nect(), 
dis-con-nect[]by[]func(), emit(),
 []


Overfull \hbox (22.99345pt too wide) in paragraph at lines 985--986
\OT1/cmr/m/n/12 han-dler[]block(), han-dler[]block[]by[]func(), han-dler[]disco
nnect(), han-dler[]is[]connected(),
 []


Overfull \hbox (46.50627pt too wide) in paragraph at lines 985--986
\OT1/cmr/m/n/12 han-dler[]unblock(), han-dler[]unblock[]by[]func(), no-tify(), 
props(), set[]data(), set[]properties(),
 []


Overfull \hbox (39.8741pt too wide) in paragraph at lines 997--998
[]\OT1/cmr/m/n/12 add[]child(), con-struct[]child(), do[]add[]child(), do[]cons
truct[]child(), do[]get[]internal[]child(),
 []

[98]
Overfull \hbox (2.82051pt too wide) in paragraph at lines 1045--1046
\OMS/cmtt/m/n/12 f\OT1/cmtt/m/n/12 "area-clicked":(gobject.SIGNAL[]RUN[]LAST, 
 []

) [99] (./api.ind
Overfull \hbox (2.27277pt too wide) in paragraph at lines 6--7
[]| \OT1/cmr/m/n/12 pygtk[]chart.bar[]chart.BarChart \OT1/cmr/m/it/12 (class)\O
T1/cmr/m/n/12 ,
 []


Overfull \hbox (35.72058pt too wide) in paragraph at lines 7--8
[]| \OT1/cmr/m/n/12 pygtk[]chart.bar[]chart.draw[]rounded[]rectangle
 []


Overfull \hbox (21.38385pt too wide) in paragraph at lines 10--11
[]| \OT1/cmr/m/n/12 pygtk[]chart.basics.color[]cairo[]to[]gdk \OT1/cmr/m/it/12 
(func-
 []


Overfull \hbox (21.38385pt too wide) in paragraph at lines 11--12
[]| \OT1/cmr/m/n/12 pygtk[]chart.basics.color[]gdk[]to[]cairo \OT1/cmr/m/it/12 
(func-
 []


Overfull \hbox (26.60602pt too wide) in paragraph at lines 12--13
[]| \OT1/cmr/m/n/12 pygtk[]chart.basics.color[]html[]to[]cairo \OT1/cmr/m/it/12
 (func-
 []


Overfull \hbox (22.1019pt too wide) in paragraph at lines 13--14
[]| \OT1/cmr/m/n/12 pygtk[]chart.basics.color[]list[]from[]file \OT1/cmr/m/it/1
2 (func-
 []


Overfull \hbox (19.75192pt too wide) in paragraph at lines 14--15
[]| \OT1/cmr/m/n/12 pygtk[]chart.basics.color[]rgb[]to[]cairo \OT1/cmr/m/it/12 
(func-
 []


Overfull \hbox (11.42444pt too wide) in paragraph at lines 15--16
[]| \OT1/cmr/m/n/12 pygtk[]chart.basics.gdk[]color[]list[]from[]file
 []


Overfull \hbox (4.90224pt too wide) in paragraph at lines 16--17
[]| \OT1/cmr/m/n/12 pygtk[]chart.basics.get[]center \OT1/cmr/m/it/12 (func-tion
)\OT1/cmr/m/n/12 ,
 []


Overfull \hbox (10.44342pt too wide) in paragraph at lines 17--18
[]| \OT1/cmr/m/n/12 pygtk[]chart.basics.intersect[]ranges \OT1/cmr/m/it/12 (fun
c-
 []


Overfull \hbox (8.2183pt too wide) in paragraph at lines 18--19
[]| \OT1/cmr/m/n/12 pygtk[]chart.basics.is[]in[]range \OT1/cmr/m/it/12 (func-ti
on)\OT1/cmr/m/n/12 ,
 []


Overfull \hbox (3.34314pt too wide) in paragraph at lines 19--20
[]| \OT1/cmr/m/n/12 pygtk[]chart.basics.set[]context[]line[]style
 []


Overfull \hbox (18.45944pt too wide) in paragraph at lines 21--22
[]| \OT1/cmr/m/n/12 pygtk[]chart.chart.add[]sensitive[]area \OT1/cmr/m/it/12 (f
unc-
 []


Overfull \hbox (13.97043pt too wide) in paragraph at lines 23--24
[]| \OT1/cmr/m/n/12 pygtk[]chart.chart.Background \OT1/cmr/m/it/12 (class)\OT1/
cmr/m/n/12 , [][][][][][]--
 []


Overfull \hbox (19.83026pt too wide) in paragraph at lines 25--26
[]| \OT1/cmr/m/n/12 pygtk[]chart.chart.get[]sensitive[]areas \OT1/cmr/m/it/12 (
func-
 []


Overfull \hbox (21.78857pt too wide) in paragraph at lines 26--27
[]| \OT1/cmr/m/n/12 pygtk[]chart.chart.init[]sensitive[]areas \OT1/cmr/m/it/12 
(func-
 []


Overfull \hbox (33.11827pt too wide) in paragraph at lines 29--30
[]| \OT1/cmr/m/n/12 pygtk[]chart.chart[]object.ChartObject \OT1/cmr/m/it/12 (cl
ass)\OT1/cmr/m/n/12 ,
 []


Overfull \hbox (27.27185pt too wide) in paragraph at lines 33--34
[]| \OT1/cmr/m/n/12 pygtk[]chart.label.get[]registered[]labels \OT1/cmr/m/it/12
 (func-
 []


Overfull \hbox (10.37245pt too wide) in paragraph at lines 34--35
[]| \OT1/cmr/m/n/12 pygtk[]chart.label.get[]text[]pos \OT1/cmr/m/it/12 (func-ti
on)\OT1/cmr/m/n/12 ,
 []


Overfull \hbox (14.95491pt too wide) in paragraph at lines 36--37
[]| \OT1/cmr/m/n/12 pygtk[]chart.label.register[]label \OT1/cmr/m/it/12 (func-t
ion)\OT1/cmr/m/n/12 ,
 []


Overfull \hbox (7.62344pt too wide) in paragraph at lines 39--40
[]| \OT1/cmr/m/n/12 pygtk[]chart.line[]chart.draw[]errors \OT1/cmr/m/it/12 (fun
c-
 []


Overfull \hbox (4.94708pt too wide) in paragraph at lines 40--41
[]| \OT1/cmr/m/n/12 pygtk[]chart.line[]chart.draw[]point \OT1/cmr/m/it/12 (func
-
 []


Overfull \hbox (8.3042pt too wide) in paragraph at lines 41--42
[]| \OT1/cmr/m/n/12 pygtk[]chart.line[]chart.draw[]point[]pixbuf
 []


Overfull \hbox (8.00188pt too wide) in paragraph at lines 42--43
[]| \OT1/cmr/m/n/12 pygtk[]chart.line[]chart.Graph \OT1/cmr/m/it/12 (class)\OT1
/cmr/m/n/12 , [][][][][][]--
 []


Overfull \hbox (16.45078pt too wide) in paragraph at lines 43--44
[]| \OT1/cmr/m/n/12 pygtk[]chart.line[]chart.graph[]new[]from[]file
 []


Overfull \hbox (43.54077pt too wide) in paragraph at lines 44--45
[]| \OT1/cmr/m/n/12 pygtk[]chart.line[]chart.graph[]new[]from[]function
 []


Overfull \hbox (11.99905pt too wide) in paragraph at lines 46--47
[]| \OT1/cmr/m/n/12 pygtk[]chart.line[]chart.Legend \OT1/cmr/m/it/12 (class)\OT
1/cmr/m/n/12 , [][][][][][]--
 []


Overfull \hbox (7.16855pt too wide) in paragraph at lines 47--48
[]| \OT1/cmr/m/n/12 pygtk[]chart.line[]chart.LineChart \OT1/cmr/m/it/12 (class)
\OT1/cmr/m/n/12 ,
 []


Overfull \hbox (9.03531pt too wide) in paragraph at lines 48--49
[]| \OT1/cmr/m/n/12 pygtk[]chart.line[]chart.optimize[]sampling
 []


Overfull \hbox (0.98457pt too wide) in paragraph at lines 49--50
[]| \OT1/cmr/m/n/12 pygtk[]chart.line[]chart.RangeCalculator
 []


Overfull \hbox (41.71301pt too wide) in paragraph at lines 50--51
[]| \OT1/cmr/m/n/12 pygtk[]chart.line[]chart.separate[]data[]and[]errors
 []


Overfull \hbox (6.9991pt too wide) in paragraph at lines 51--52
[]| \OT1/cmr/m/n/12 pygtk[]chart.line[]chart.XAxis \OT1/cmr/m/it/12 (class)\OT1
/cmr/m/n/12 , [][][][][][]--
 []

[100


]
Overfull \hbox (6.01994pt too wide) in paragraph at lines 52--53
[]| \OT1/cmr/m/n/12 pygtk[]chart.line[]chart.YAxis \OT1/cmr/m/it/12 (class)\OT1
/cmr/m/n/12 , [][][][][][]--
 []


Overfull \hbox (3.73337pt too wide) in paragraph at lines 53--54
[]| \OT1/cmr/m/n/12 pygtk[]chart.multi[]bar[]chart \OT1/cmr/m/it/12 (mod-ule)\O
T1/cmr/m/n/12 , [][][][][][]--
 []


Overfull \hbox (3.56525pt too wide) in paragraph at lines 54--55
[]| \OT1/cmr/m/n/12 pygtk[]chart.multi[]bar[]chart.Bar \OT1/cmr/m/it/12 (class)
\OT1/cmr/m/n/12 ,
 []


Overfull \hbox (36.28436pt too wide) in paragraph at lines 55--56
[]| \OT1/cmr/m/n/12 pygtk[]chart.multi[]bar[]chart.BarGroup \OT1/cmr/m/it/12 (c
lass)\OT1/cmr/m/n/12 ,
 []


Overfull \hbox (22.50879pt too wide) in paragraph at lines 56--57
[]| \OT1/cmr/m/n/12 pygtk[]chart.multi[]bar[]chart.MultiBarChart
 []


Overfull \hbox (5.01236pt too wide) in paragraph at lines 58--59
[]| \OT1/cmr/m/n/12 pygtk[]chart.pie[]chart.draw[]sector \OT1/cmr/m/it/12 (func
-
 []


Overfull \hbox (12.97404pt too wide) in paragraph at lines 59--60
[]| \OT1/cmr/m/n/12 pygtk[]chart.pie[]chart.PieArea \OT1/cmr/m/it/12 (class)\OT
1/cmr/m/n/12 , [][][][][][]--
 []

[101

]) (./api.aux (./pygtk_chart-module.aux)
(./pygtk_chart.bar_chart-module.aux) (./pygtk_chart.basics-module.aux)
(./pygtk_chart.chart-module.aux) (./pygtk_chart.chart_object-module.aux)
(./pygtk_chart.label-module.aux) (./pygtk_chart.line_chart-module.aux)
(./pygtk_chart.multi_bar_chart-module.aux) (./pygtk_chart.pie_chart-module.aux)
)

LaTeX Font Warning: Some font shapes were not available, defaults substituted.


LaTeX Warning: Label(s) may have changed. Rerun to get cross-references right.

 ) 
Here is how much of TeX's memory you used:
 4044 strings out of 256217
 62840 string characters out of 1917095
 144961 words of memory out of 1500000
 7192 multiletter control sequences out of 10000+200000
 13898 words of font info for 53 fonts, out of 1200000 for 2000
 645 hyphenation exceptions out of 8191
 36i,13n,43p,4904b,418s stack positions out of 5000i,500n,6000p,200000b,15000s

Output written on api.dvi (101 pages, 561928 bytes).
