\BOOKMARK [1][-]{section*.2}{Contents}{}
\BOOKMARK [1][-]{section.1}{Package pygtk\137chart}{}
\BOOKMARK [2][-]{subsection.1.1}{Modules}{section.1}
\BOOKMARK [2][-]{subsection.1.2}{Variables}{section.1}
\BOOKMARK [1][-]{section.2}{Module pygtk\137chart.bar\137chart}{}
\BOOKMARK [2][-]{subsection.2.1}{Functions}{section.2}
\BOOKMARK [2][-]{subsection.2.2}{Variables}{section.2}
\BOOKMARK [2][-]{subsection.2.3}{Class Bar}{section.2}
\BOOKMARK [3][-]{subsubsection.2.3.1}{Methods}{subsection.2.3}
\BOOKMARK [3][-]{subsubsection.2.3.2}{Properties}{subsection.2.3}
\BOOKMARK [3][-]{subsubsection.2.3.3}{Class Variables}{subsection.2.3}
\BOOKMARK [2][-]{subsection.2.4}{Class Grid}{section.2}
\BOOKMARK [3][-]{subsubsection.2.4.1}{Methods}{subsection.2.4}
\BOOKMARK [3][-]{subsubsection.2.4.2}{Properties}{subsection.2.4}
\BOOKMARK [3][-]{subsubsection.2.4.3}{Class Variables}{subsection.2.4}
\BOOKMARK [2][-]{subsection.2.5}{Class BarChart}{section.2}
\BOOKMARK [3][-]{subsubsection.2.5.1}{Methods}{subsection.2.5}
\BOOKMARK [3][-]{subsubsection.2.5.2}{Properties}{subsection.2.5}
\BOOKMARK [3][-]{subsubsection.2.5.3}{Class Variables}{subsection.2.5}
\BOOKMARK [1][-]{section.3}{Module pygtk\137chart.basics}{}
\BOOKMARK [2][-]{subsection.3.1}{Functions}{section.3}
\BOOKMARK [1][-]{section.4}{Module pygtk\137chart.chart}{}
\BOOKMARK [2][-]{subsection.4.1}{Functions}{section.4}
\BOOKMARK [2][-]{subsection.4.2}{Variables}{section.4}
\BOOKMARK [2][-]{subsection.4.3}{Class Chart}{section.4}
\BOOKMARK [3][-]{subsubsection.4.3.1}{Methods}{subsection.4.3}
\BOOKMARK [3][-]{subsubsection.4.3.2}{Properties}{subsection.4.3}
\BOOKMARK [3][-]{subsubsection.4.3.3}{Class Variables}{subsection.4.3}
\BOOKMARK [2][-]{subsection.4.4}{Class Background}{section.4}
\BOOKMARK [3][-]{subsubsection.4.4.1}{Methods}{subsection.4.4}
\BOOKMARK [3][-]{subsubsection.4.4.2}{Properties}{subsection.4.4}
\BOOKMARK [3][-]{subsubsection.4.4.3}{Class Variables}{subsection.4.4}
\BOOKMARK [2][-]{subsection.4.5}{Class Title}{section.4}
\BOOKMARK [3][-]{subsubsection.4.5.1}{Methods}{subsection.4.5}
\BOOKMARK [3][-]{subsubsection.4.5.2}{Properties}{subsection.4.5}
\BOOKMARK [3][-]{subsubsection.4.5.3}{Class Variables}{subsection.4.5}
\BOOKMARK [2][-]{subsection.4.6}{Class Area}{section.4}
\BOOKMARK [3][-]{subsubsection.4.6.1}{Methods}{subsection.4.6}
\BOOKMARK [3][-]{subsubsection.4.6.2}{Properties}{subsection.4.6}
\BOOKMARK [3][-]{subsubsection.4.6.3}{Class Variables}{subsection.4.6}
\BOOKMARK [1][-]{section.5}{Module pygtk\137chart.chart\137object}{}
\BOOKMARK [2][-]{subsection.5.1}{Class ChartObject}{section.5}
\BOOKMARK [3][-]{subsubsection.5.1.1}{Methods}{subsection.5.1}
\BOOKMARK [3][-]{subsubsection.5.1.2}{Properties}{subsection.5.1}
\BOOKMARK [3][-]{subsubsection.5.1.3}{Class Variables}{subsection.5.1}
\BOOKMARK [1][-]{section.6}{Module pygtk\137chart.label}{}
\BOOKMARK [2][-]{subsection.6.1}{Functions}{section.6}
\BOOKMARK [2][-]{subsection.6.2}{Variables}{section.6}
\BOOKMARK [2][-]{subsection.6.3}{Class Label}{section.6}
\BOOKMARK [3][-]{subsubsection.6.3.1}{Methods}{subsection.6.3}
\BOOKMARK [3][-]{subsubsection.6.3.2}{Properties}{subsection.6.3}
\BOOKMARK [3][-]{subsubsection.6.3.3}{Class Variables}{subsection.6.3}
\BOOKMARK [1][-]{section.7}{Module pygtk\137chart.line\137chart}{}
\BOOKMARK [2][-]{subsection.7.1}{Functions}{section.7}
\BOOKMARK [2][-]{subsection.7.2}{Variables}{section.7}
\BOOKMARK [2][-]{subsection.7.3}{Class RangeCalculator}{section.7}
\BOOKMARK [3][-]{subsubsection.7.3.1}{Methods}{subsection.7.3}
\BOOKMARK [2][-]{subsection.7.4}{Class LineChart}{section.7}
\BOOKMARK [3][-]{subsubsection.7.4.1}{Methods}{subsection.7.4}
\BOOKMARK [3][-]{subsubsection.7.4.2}{Properties}{subsection.7.4}
\BOOKMARK [3][-]{subsubsection.7.4.3}{Class Variables}{subsection.7.4}
\BOOKMARK [2][-]{subsection.7.5}{Class Axis}{section.7}
\BOOKMARK [3][-]{subsubsection.7.5.1}{Methods}{subsection.7.5}
\BOOKMARK [3][-]{subsubsection.7.5.2}{Properties}{subsection.7.5}
\BOOKMARK [3][-]{subsubsection.7.5.3}{Class Variables}{subsection.7.5}
\BOOKMARK [2][-]{subsection.7.6}{Class XAxis}{section.7}
\BOOKMARK [3][-]{subsubsection.7.6.1}{Methods}{subsection.7.6}
\BOOKMARK [3][-]{subsubsection.7.6.2}{Properties}{subsection.7.6}
\BOOKMARK [3][-]{subsubsection.7.6.3}{Class Variables}{subsection.7.6}
\BOOKMARK [2][-]{subsection.7.7}{Class YAxis}{section.7}
\BOOKMARK [3][-]{subsubsection.7.7.1}{Methods}{subsection.7.7}
\BOOKMARK [3][-]{subsubsection.7.7.2}{Properties}{subsection.7.7}
\BOOKMARK [3][-]{subsubsection.7.7.3}{Class Variables}{subsection.7.7}
\BOOKMARK [2][-]{subsection.7.8}{Class Grid}{section.7}
\BOOKMARK [3][-]{subsubsection.7.8.1}{Methods}{subsection.7.8}
\BOOKMARK [3][-]{subsubsection.7.8.2}{Properties}{subsection.7.8}
\BOOKMARK [3][-]{subsubsection.7.8.3}{Class Variables}{subsection.7.8}
\BOOKMARK [2][-]{subsection.7.9}{Class Graph}{section.7}
\BOOKMARK [3][-]{subsubsection.7.9.1}{Methods}{subsection.7.9}
\BOOKMARK [3][-]{subsubsection.7.9.2}{Properties}{subsection.7.9}
\BOOKMARK [3][-]{subsubsection.7.9.3}{Class Variables}{subsection.7.9}
\BOOKMARK [2][-]{subsection.7.10}{Class Legend}{section.7}
\BOOKMARK [3][-]{subsubsection.7.10.1}{Methods}{subsection.7.10}
\BOOKMARK [3][-]{subsubsection.7.10.2}{Properties}{subsection.7.10}
\BOOKMARK [3][-]{subsubsection.7.10.3}{Class Variables}{subsection.7.10}
\BOOKMARK [1][-]{section.8}{Module pygtk\137chart.multi\137bar\137chart}{}
\BOOKMARK [2][-]{subsection.8.1}{Variables}{section.8}
\BOOKMARK [2][-]{subsection.8.2}{Class Bar}{section.8}
\BOOKMARK [3][-]{subsubsection.8.2.1}{Methods}{subsection.8.2}
\BOOKMARK [3][-]{subsubsection.8.2.2}{Properties}{subsection.8.2}
\BOOKMARK [3][-]{subsubsection.8.2.3}{Class Variables}{subsection.8.2}
\BOOKMARK [2][-]{subsection.8.3}{Class BarGroup}{section.8}
\BOOKMARK [3][-]{subsubsection.8.3.1}{Methods}{subsection.8.3}
\BOOKMARK [3][-]{subsubsection.8.3.2}{Properties}{subsection.8.3}
\BOOKMARK [3][-]{subsubsection.8.3.3}{Class Variables}{subsection.8.3}
\BOOKMARK [2][-]{subsection.8.4}{Class MultiBarChart}{section.8}
\BOOKMARK [3][-]{subsubsection.8.4.1}{Methods}{subsection.8.4}
\BOOKMARK [3][-]{subsubsection.8.4.2}{Properties}{subsection.8.4}
\BOOKMARK [3][-]{subsubsection.8.4.3}{Class Variables}{subsection.8.4}
\BOOKMARK [1][-]{section.9}{Module pygtk\137chart.pie\137chart}{}
\BOOKMARK [2][-]{subsection.9.1}{Functions}{section.9}
\BOOKMARK [2][-]{subsection.9.2}{Class PieArea}{section.9}
\BOOKMARK [3][-]{subsubsection.9.2.1}{Methods}{subsection.9.2}
\BOOKMARK [3][-]{subsubsection.9.2.2}{Properties}{subsection.9.2}
\BOOKMARK [3][-]{subsubsection.9.2.3}{Class Variables}{subsection.9.2}
\BOOKMARK [2][-]{subsection.9.3}{Class PieChart}{section.9}
\BOOKMARK [3][-]{subsubsection.9.3.1}{Methods}{subsection.9.3}
\BOOKMARK [3][-]{subsubsection.9.3.2}{Properties}{subsection.9.3}
\BOOKMARK [3][-]{subsubsection.9.3.3}{Class Variables}{subsection.9.3}
\BOOKMARK [1][-]{section*.4}{Index}{}
